-- Found ament_cmake: 1.3.8 (/opt/ros/humble/share/ament_cmake/cmake)
-- Found rclcpp: 16.0.8 (/opt/ros/humble/share/rclcpp/cmake)
-- Found rosidl_generator_c: 3.1.5 (/opt/ros/humble/share/rosidl_generator_c/cmake)
-- Found rosidl_adapter: 3.1.5 (/opt/ros/humble/share/rosidl_adapter/cmake)
-- Found rosidl_generator_cpp: 3.1.5 (/opt/ros/humble/share/rosidl_generator_cpp/cmake)
-- Using all available rosidl_typesupport_c: rosidl_typesupport_fastrtps_c;rosidl_typesupport_introspection_c
-- Using all available rosidl_typesupport_cpp: rosidl_typesupport_fastrtps_cpp;rosidl_typesupport_introspection_cpp
-- Found rmw_implementation_cmake: 6.1.1 (/opt/ros/humble/share/rmw_implementation_cmake/cmake)
-- Found rmw_fastrtps_cpp: 6.2.6 (/opt/ros/humble/share/rmw_fastrtps_cpp/cmake)
-- Using RMW implementation 'rmw_fastrtps_cpp' as default
-- Configuring done
-- Generating done
-- Build files have been written to: /home/michael/ros2_ws/build/data
[ 50%] [32mBuilding CXX object CMakeFiles/talker.dir/src/data_sub.cpp.o[0m
[100%] [32m[1mLinking CXX executable talker[0m
[100%] Built target talker
-- Install configuration: ""
-- Installing: /home/michael/ros2_ws/install/data/lib/data/talker
-- Set runtime path of "/home/michael/ros2_ws/install/data/lib/data/talker" to ""
-- Up-to-date: /home/michael/ros2_ws/install/data/share/ament_index/resource_index/package_run_dependencies/data
-- Up-to-date: /home/michael/ros2_ws/install/data/share/ament_index/resource_index/parent_prefix_path/data
-- Up-to-date: /home/michael/ros2_ws/install/data/share/data/environment/ament_prefix_path.sh
-- Installing: /home/michael/ros2_ws/install/data/share/data/environment/ament_prefix_path.dsv
-- Up-to-date: /home/michael/ros2_ws/install/data/share/data/environment/path.sh
-- Installing: /home/michael/ros2_ws/install/data/share/data/environment/path.dsv
-- Up-to-date: /home/michael/ros2_ws/install/data/share/data/local_setup.bash
-- Up-to-date: /home/michael/ros2_ws/install/data/share/data/local_setup.sh
-- Up-to-date: /home/michael/ros2_ws/install/data/share/data/local_setup.zsh
-- Installing: /home/michael/ros2_ws/install/data/share/data/local_setup.dsv
-- Installing: /home/michael/ros2_ws/install/data/share/data/package.dsv
-- Up-to-date: /home/michael/ros2_ws/install/data/share/ament_index/resource_index/packages/data
-- Up-to-date: /home/michael/ros2_ws/install/data/share/data/cmake/dataConfig.cmake
-- Up-to-date: /home/michael/ros2_ws/install/data/share/data/cmake/dataConfig-version.cmake
-- Up-to-date: /home/michael/ros2_ws/install/data/share/data/package.xml
