[35m[1mConsolidate compiler generated dependencies of target sub[0m
[ 50%] [32mBuilding CXX object CMakeFiles/sub.dir/src/data_sub.cpp.o[0m
[100%] [32m[1mLinking CXX executable sub[0m
[100%] Built target sub
-- Install configuration: ""
-- Installing: /home/michael/ros2_ws/install/data/lib/data/sub
-- Set runtime path of "/home/michael/ros2_ws/install/data/lib/data/sub" to ""
-- Up-to-date: /home/michael/ros2_ws/install/data/share/ament_index/resource_index/package_run_dependencies/data
-- Up-to-date: /home/michael/ros2_ws/install/data/share/ament_index/resource_index/parent_prefix_path/data
-- Up-to-date: /home/michael/ros2_ws/install/data/share/data/environment/ament_prefix_path.sh
-- Up-to-date: /home/michael/ros2_ws/install/data/share/data/environment/ament_prefix_path.dsv
-- Up-to-date: /home/michael/ros2_ws/install/data/share/data/environment/path.sh
-- Up-to-date: /home/michael/ros2_ws/install/data/share/data/environment/path.dsv
-- Up-to-date: /home/michael/ros2_ws/install/data/share/data/local_setup.bash
-- Up-to-date: /home/michael/ros2_ws/install/data/share/data/local_setup.sh
-- Up-to-date: /home/michael/ros2_ws/install/data/share/data/local_setup.zsh
-- Up-to-date: /home/michael/ros2_ws/install/data/share/data/local_setup.dsv
-- Installing: /home/michael/ros2_ws/install/data/share/data/package.dsv
-- Up-to-date: /home/michael/ros2_ws/install/data/share/ament_index/resource_index/packages/data
-- Up-to-date: /home/michael/ros2_ws/install/data/share/data/cmake/dataConfig.cmake
-- Up-to-date: /home/michael/ros2_ws/install/data/share/data/cmake/dataConfig-version.cmake
-- Up-to-date: /home/michael/ros2_ws/install/data/share/data/package.xml
