[35m[1mConsolidate compiler generated dependencies of target talker[0m
[ 50%] [32mBuilding CXX object CMakeFiles/talker.dir/src/data_sub.cpp.o[0m
In file included from [01m[K/opt/ros/humble/include/rclcpp/rclcpp/logging.hpp:24[m[K,
                 from [01m[K/opt/ros/humble/include/rclcpp/rclcpp/client.hpp:40[m[K,
                 from [01m[K/opt/ros/humble/include/rclcpp/rclcpp/callback_group.hpp:24[m[K,
                 from [01m[K/opt/ros/humble/include/rclcpp/rclcpp/any_executable.hpp:20[m[K,
                 from [01m[K/opt/ros/humble/include/rclcpp/rclcpp/memory_strategy.hpp:25[m[K,
                 from [01m[K/opt/ros/humble/include/rclcpp/rclcpp/memory_strategies.hpp:18[m[K,
                 from [01m[K/opt/ros/humble/include/rclcpp/rclcpp/executor_options.hpp:20[m[K,
                 from [01m[K/opt/ros/humble/include/rclcpp/rclcpp/executor.hpp:37[m[K,
                 from [01m[K/opt/ros/humble/include/rclcpp/rclcpp/executors/multi_threaded_executor.hpp:25[m[K,
                 from [01m[K/opt/ros/humble/include/rclcpp/rclcpp/executors.hpp:21[m[K,
                 from [01m[K/opt/ros/humble/include/rclcpp/rclcpp/rclcpp.hpp:155[m[K,
                 from [01m[K/home/michael/ros2_ws/src/data/src/data_sub.cpp:3[m[K:
[01m[K/home/michael/ros2_ws/src/data/src/data_sub.cpp:[m[K In member function ‘[01m[Kvoid MinimalSubscriber::topic_callback(const Float32&) const[m[K’:
[01m[K/home/michael/ros2_ws/src/data/src/data_sub.cpp:20:39:[m[K [01;35m[Kwarning: [m[Kformat ‘[01m[K%s[m[K’ expects argument of type ‘[01m[Kchar*[m[K’, but argument 5 has type ‘[01m[Kdouble[m[K’ [[01;35m[K]8;;https://gcc.gnu.org/onlinedocs/gcc/Warning-Options.html#index-Wformat=-Wformat=]8;;[m[K]
   20 |       RCLCPP_INFO(this->get_logger(), [01;35m[K"I heard: '%s'"[m[K, [32m[Kmsg.data[m[K);
      |                                       [01;35m[K^~~~~~~~~~~~~~~[m[K  [32m[K~~~~~~~~[m[K
      |                                                            [32m[K|[m[K
      |                                                            [32m[Kdouble[m[K
[01m[K/home/michael/ros2_ws/src/data/src/data_sub.cpp:20:51:[m[K [01;36m[Knote: [m[Kformat string is defined here
   20 |       RCLCPP_INFO(this->get_logger(), "I heard: '[01;36m[K%s[m[K'", msg.data);
      |                                                  [01;36m[K~^[m[K
      |                                                   [01;36m[K|[m[K
      |                                                   [01;36m[Kchar*[m[K
      |                                                  [32m[K%f[m[K
[100%] [32m[1mLinking CXX executable talker[0m
[100%] Built target talker
-- Install configuration: ""
-- Installing: /home/michael/ros2_ws/install/data/lib/data/talker
-- Set runtime path of "/home/michael/ros2_ws/install/data/lib/data/talker" to ""
-- Up-to-date: /home/michael/ros2_ws/install/data/share/ament_index/resource_index/package_run_dependencies/data
-- Up-to-date: /home/michael/ros2_ws/install/data/share/ament_index/resource_index/parent_prefix_path/data
-- Up-to-date: /home/michael/ros2_ws/install/data/share/data/environment/ament_prefix_path.sh
-- Up-to-date: /home/michael/ros2_ws/install/data/share/data/environment/ament_prefix_path.dsv
-- Up-to-date: /home/michael/ros2_ws/install/data/share/data/environment/path.sh
-- Up-to-date: /home/michael/ros2_ws/install/data/share/data/environment/path.dsv
-- Up-to-date: /home/michael/ros2_ws/install/data/share/data/local_setup.bash
-- Up-to-date: /home/michael/ros2_ws/install/data/share/data/local_setup.sh
-- Up-to-date: /home/michael/ros2_ws/install/data/share/data/local_setup.zsh
-- Up-to-date: /home/michael/ros2_ws/install/data/share/data/local_setup.dsv
-- Installing: /home/michael/ros2_ws/install/data/share/data/package.dsv
-- Up-to-date: /home/michael/ros2_ws/install/data/share/ament_index/resource_index/packages/data
-- Up-to-date: /home/michael/ros2_ws/install/data/share/data/cmake/dataConfig.cmake
-- Up-to-date: /home/michael/ros2_ws/install/data/share/data/cmake/dataConfig-version.cmake
-- Up-to-date: /home/michael/ros2_ws/install/data/share/data/package.xml
