[0.129s] Invoking command in '/home/michael/ros2_ws/build/scanner': CMAKE_PREFIX_PATH=${CMAKE_PREFIX_PATH}:/opt/ros/humble /usr/bin/cmake --build /home/michael/ros2_ws/build/scanner -- -j4 -l4
[0.151s] -- Found ament_cmake: 1.3.8 (/opt/ros/humble/share/ament_cmake/cmake)
[0.301s] -- Found rclcpp: 16.0.8 (/opt/ros/humble/share/rclcpp/cmake)
[0.333s] -- Found rosidl_generator_c: 3.1.5 (/opt/ros/humble/share/rosidl_generator_c/cmake)
[0.336s] -- Found rosidl_adapter: 3.1.5 (/opt/ros/humble/share/rosidl_adapter/cmake)
[0.342s] -- Found rosidl_generator_cpp: 3.1.5 (/opt/ros/humble/share/rosidl_generator_cpp/cmake)
[0.354s] -- Using all available rosidl_typesupport_c: rosidl_typesupport_fastrtps_c;rosidl_typesupport_introspection_c
[0.371s] -- Using all available rosidl_typesupport_cpp: rosidl_typesupport_fastrtps_cpp;rosidl_typesupport_introspection_cpp
[0.438s] -- Found rmw_implementation_cmake: 6.1.1 (/opt/ros/humble/share/rmw_implementation_cmake/cmake)
[0.439s] -- Found rmw_fastrtps_cpp: 6.2.6 (/opt/ros/humble/share/rmw_fastrtps_cpp/cmake)
[0.548s] -- Using RMW implementation 'rmw_fastrtps_cpp' as default
[0.702s] -- Found ament_lint_auto: 0.12.10 (/opt/ros/humble/share/ament_lint_auto/cmake)
[0.767s] -- Added test 'cppcheck' to perform static code analysis on C / C++ code
[0.767s] -- Configured cppcheck include dirs: 
[0.767s] -- Configured cppcheck exclude dirs and/or files: 
[0.767s] -- Added test 'lint_cmake' to check CMake code style
[0.768s] -- Added test 'uncrustify' to check C / C++ code style
[0.768s] -- Configured uncrustify additional arguments: 
[0.768s] -- Added test 'xmllint' to check XML markup files
[0.769s] -- Configuring done
[0.776s] -- Generating done
[0.778s] -- Build files have been written to: /home/michael/ros2_ws/build/scanner
[0.799s] [35m[1mConsolidate compiler generated dependencies of target talker[0m
[0.813s] [100%] Built target talker
[0.824s] Invoked command in '/home/michael/ros2_ws/build/scanner' returned '0': CMAKE_PREFIX_PATH=${CMAKE_PREFIX_PATH}:/opt/ros/humble /usr/bin/cmake --build /home/michael/ros2_ws/build/scanner -- -j4 -l4
[0.856s] Invoking command in '/home/michael/ros2_ws/build/scanner': CMAKE_PREFIX_PATH=${CMAKE_PREFIX_PATH}:/opt/ros/humble /usr/bin/cmake --install /home/michael/ros2_ws/build/scanner
[0.863s] -- Install configuration: ""
[0.864s] -- Up-to-date: /home/michael/ros2_ws/install/scanner/lib/scanner/talker
[0.864s] -- Installing: /home/michael/ros2_ws/install/scanner/share/ament_index/resource_index/package_run_dependencies/scanner
[0.864s] -- Up-to-date: /home/michael/ros2_ws/install/scanner/share/ament_index/resource_index/parent_prefix_path/scanner
[0.864s] -- Up-to-date: /home/michael/ros2_ws/install/scanner/share/scanner/environment/ament_prefix_path.sh
[0.864s] -- Installing: /home/michael/ros2_ws/install/scanner/share/scanner/environment/ament_prefix_path.dsv
[0.865s] -- Up-to-date: /home/michael/ros2_ws/install/scanner/share/scanner/environment/path.sh
[0.865s] -- Installing: /home/michael/ros2_ws/install/scanner/share/scanner/environment/path.dsv
[0.865s] -- Up-to-date: /home/michael/ros2_ws/install/scanner/share/scanner/local_setup.bash
[0.865s] -- Up-to-date: /home/michael/ros2_ws/install/scanner/share/scanner/local_setup.sh
[0.865s] -- Up-to-date: /home/michael/ros2_ws/install/scanner/share/scanner/local_setup.zsh
[0.865s] -- Installing: /home/michael/ros2_ws/install/scanner/share/scanner/local_setup.dsv
[0.866s] -- Installing: /home/michael/ros2_ws/install/scanner/share/scanner/package.dsv
[0.866s] -- Up-to-date: /home/michael/ros2_ws/install/scanner/share/ament_index/resource_index/packages/scanner
[0.866s] -- Up-to-date: /home/michael/ros2_ws/install/scanner/share/scanner/cmake/scannerConfig.cmake
[0.866s] -- Up-to-date: /home/michael/ros2_ws/install/scanner/share/scanner/cmake/scannerConfig-version.cmake
[0.866s] -- Installing: /home/michael/ros2_ws/install/scanner/share/scanner/package.xml
[0.868s] Invoked command in '/home/michael/ros2_ws/build/scanner' returned '0': CMAKE_PREFIX_PATH=${CMAKE_PREFIX_PATH}:/opt/ros/humble /usr/bin/cmake --install /home/michael/ros2_ws/build/scanner
