[0.926s] DEBUG:colcon:Command line arguments: ['/usr/bin/colcon', 'build']
[0.927s] DEBUG:colcon:Parsed command line arguments: Namespace(log_base=None, log_level=None, verb_name='build', build_base='build', install_base='install', merge_install=False, symlink_install=False, test_result_base=None, continue_on_error=False, executor='parallel', parallel_workers=4, event_handlers=None, ignore_user_meta=False, metas=['./colcon.meta'], base_paths=['.'], packages_ignore=None, packages_ignore_regex=None, paths=None, packages_up_to=None, packages_up_to_regex=None, packages_above=None, packages_above_and_dependencies=None, packages_above_depth=None, packages_select_by_dep=None, packages_skip_by_dep=None, packages_skip_up_to=None, packages_select_build_failed=False, packages_skip_build_finished=False, packages_select_test_failures=False, packages_skip_test_passed=False, packages_select=None, packages_skip=None, packages_select_regex=None, packages_skip_regex=None, packages_start=None, packages_end=None, allow_overriding=[], cmake_args=None, cmake_target=None, cmake_target_skip_unavailable=False, cmake_clean_cache=False, cmake_clean_first=False, cmake_force_configure=False, ament_cmake_args=None, catkin_cmake_args=None, catkin_skip_building_tests=False, verb_parser=<colcon_defaults.argument_parser.defaults.DefaultArgumentsDecorator object at 0x727240e97b80>, verb_extension=<colcon_core.verb.build.BuildVerb object at 0x727240e77790>, main=<bound method BuildVerb.main of <colcon_core.verb.build.BuildVerb object at 0x727240e77790>>)
[0.969s] Level 1:colcon.colcon_core.package_discovery:discover_packages(colcon_meta) check parameters
[0.969s] Level 1:colcon.colcon_core.package_discovery:discover_packages(recursive) check parameters
[0.969s] Level 1:colcon.colcon_core.package_discovery:discover_packages(ignore) check parameters
[0.969s] Level 1:colcon.colcon_core.package_discovery:discover_packages(path) check parameters
[0.970s] Level 1:colcon.colcon_core.package_discovery:discover_packages(colcon_meta) discover
[0.970s] Level 1:colcon.colcon_core.package_discovery:discover_packages(recursive) discover
[0.970s] INFO:colcon.colcon_core.package_discovery:Crawling recursively for packages in '/home/michael/ros2_ws'
[0.970s] Level 1:colcon.colcon_core.package_identification:_identify(.) by extensions ['ignore', 'ignore_ament_install']
[0.970s] Level 1:colcon.colcon_core.package_identification:_identify(.) by extension 'ignore'
[0.970s] Level 1:colcon.colcon_core.package_identification:_identify(.) by extension 'ignore_ament_install'
[0.970s] Level 1:colcon.colcon_core.package_identification:_identify(.) by extensions ['colcon_pkg']
[0.970s] Level 1:colcon.colcon_core.package_identification:_identify(.) by extension 'colcon_pkg'
[0.970s] Level 1:colcon.colcon_core.package_identification:_identify(.) by extensions ['colcon_meta']
[0.970s] Level 1:colcon.colcon_core.package_identification:_identify(.) by extension 'colcon_meta'
[0.970s] Level 1:colcon.colcon_core.package_identification:_identify(.) by extensions ['ros']
[0.970s] Level 1:colcon.colcon_core.package_identification:_identify(.) by extension 'ros'
[0.981s] Level 1:colcon.colcon_core.package_identification:_identify(.) by extensions ['cmake', 'python']
[0.981s] Level 1:colcon.colcon_core.package_identification:_identify(.) by extension 'cmake'
[0.981s] Level 1:colcon.colcon_core.package_identification:_identify(.) by extension 'python'
[0.981s] Level 1:colcon.colcon_core.package_identification:_identify(.) by extensions ['python_setup_py']
[0.981s] Level 1:colcon.colcon_core.package_identification:_identify(.) by extension 'python_setup_py'
[0.981s] Level 1:colcon.colcon_core.package_identification:_identify(build) by extensions ['ignore', 'ignore_ament_install']
[0.982s] Level 1:colcon.colcon_core.package_identification:_identify(build) by extension 'ignore'
[0.982s] Level 1:colcon.colcon_core.package_identification:_identify(build) ignored
[0.982s] Level 1:colcon.colcon_core.package_identification:_identify(install) by extensions ['ignore', 'ignore_ament_install']
[0.982s] Level 1:colcon.colcon_core.package_identification:_identify(install) by extension 'ignore'
[0.982s] Level 1:colcon.colcon_core.package_identification:_identify(install) ignored
[0.982s] Level 1:colcon.colcon_core.package_identification:_identify(log) by extensions ['ignore', 'ignore_ament_install']
[0.982s] Level 1:colcon.colcon_core.package_identification:_identify(log) by extension 'ignore'
[0.982s] Level 1:colcon.colcon_core.package_identification:_identify(log) ignored
[0.982s] Level 1:colcon.colcon_core.package_identification:_identify(src) by extensions ['ignore', 'ignore_ament_install']
[0.982s] Level 1:colcon.colcon_core.package_identification:_identify(src) by extension 'ignore'
[0.982s] Level 1:colcon.colcon_core.package_identification:_identify(src) by extension 'ignore_ament_install'
[0.982s] Level 1:colcon.colcon_core.package_identification:_identify(src) by extensions ['colcon_pkg']
[0.982s] Level 1:colcon.colcon_core.package_identification:_identify(src) by extension 'colcon_pkg'
[0.982s] Level 1:colcon.colcon_core.package_identification:_identify(src) by extensions ['colcon_meta']
[0.982s] Level 1:colcon.colcon_core.package_identification:_identify(src) by extension 'colcon_meta'
[0.982s] Level 1:colcon.colcon_core.package_identification:_identify(src) by extensions ['ros']
[0.983s] Level 1:colcon.colcon_core.package_identification:_identify(src) by extension 'ros'
[0.983s] Level 1:colcon.colcon_core.package_identification:_identify(src) by extensions ['cmake', 'python']
[0.983s] Level 1:colcon.colcon_core.package_identification:_identify(src) by extension 'cmake'
[0.983s] Level 1:colcon.colcon_core.package_identification:_identify(src) by extension 'python'
[0.983s] Level 1:colcon.colcon_core.package_identification:_identify(src) by extensions ['python_setup_py']
[0.983s] Level 1:colcon.colcon_core.package_identification:_identify(src) by extension 'python_setup_py'
[0.983s] Level 1:colcon.colcon_core.package_identification:_identify(src/scanner) by extensions ['ignore', 'ignore_ament_install']
[0.983s] Level 1:colcon.colcon_core.package_identification:_identify(src/scanner) by extension 'ignore'
[0.983s] Level 1:colcon.colcon_core.package_identification:_identify(src/scanner) by extension 'ignore_ament_install'
[0.983s] Level 1:colcon.colcon_core.package_identification:_identify(src/scanner) by extensions ['colcon_pkg']
[0.983s] Level 1:colcon.colcon_core.package_identification:_identify(src/scanner) by extension 'colcon_pkg'
[0.983s] Level 1:colcon.colcon_core.package_identification:_identify(src/scanner) by extensions ['colcon_meta']
[0.983s] Level 1:colcon.colcon_core.package_identification:_identify(src/scanner) by extension 'colcon_meta'
[0.983s] Level 1:colcon.colcon_core.package_identification:_identify(src/scanner) by extensions ['ros']
[0.983s] Level 1:colcon.colcon_core.package_identification:_identify(src/scanner) by extension 'ros'
[0.986s] DEBUG:colcon.colcon_core.package_identification:Package 'src/scanner' with type 'ros.ament_cmake' and name 'scanner'
[0.986s] Level 1:colcon.colcon_core.package_identification:_identify(src/sllidar_ros2) by extensions ['ignore', 'ignore_ament_install']
[0.986s] Level 1:colcon.colcon_core.package_identification:_identify(src/sllidar_ros2) by extension 'ignore'
[0.986s] Level 1:colcon.colcon_core.package_identification:_identify(src/sllidar_ros2) by extension 'ignore_ament_install'
[0.986s] Level 1:colcon.colcon_core.package_identification:_identify(src/sllidar_ros2) by extensions ['colcon_pkg']
[0.986s] Level 1:colcon.colcon_core.package_identification:_identify(src/sllidar_ros2) by extension 'colcon_pkg'
[0.986s] Level 1:colcon.colcon_core.package_identification:_identify(src/sllidar_ros2) by extensions ['colcon_meta']
[0.986s] Level 1:colcon.colcon_core.package_identification:_identify(src/sllidar_ros2) by extension 'colcon_meta'
[0.986s] Level 1:colcon.colcon_core.package_identification:_identify(src/sllidar_ros2) by extensions ['ros']
[0.986s] Level 1:colcon.colcon_core.package_identification:_identify(src/sllidar_ros2) by extension 'ros'
[0.987s] DEBUG:colcon.colcon_core.package_identification:Package 'src/sllidar_ros2' with type 'ros.ament_cmake' and name 'sllidar_ros2'
[0.987s] Level 1:colcon.colcon_core.package_discovery:discover_packages(recursive) using defaults
[0.987s] Level 1:colcon.colcon_core.package_discovery:discover_packages(ignore) discover
[0.987s] Level 1:colcon.colcon_core.package_discovery:discover_packages(ignore) using defaults
[0.987s] Level 1:colcon.colcon_core.package_discovery:discover_packages(path) discover
[0.987s] Level 1:colcon.colcon_core.package_discovery:discover_packages(path) using defaults
[1.071s] Level 1:colcon.colcon_core.package_discovery:discover_packages(prefix_path) check parameters
[1.071s] Level 1:colcon.colcon_core.package_discovery:discover_packages(prefix_path) discover
[1.099s] DEBUG:colcon.colcon_installed_package_information.package_discovery:Found 2 installed packages in /home/michael/ros2_ws/install
[1.114s] DEBUG:colcon.colcon_installed_package_information.package_discovery:Found 272 installed packages in /opt/ros/humble
[1.115s] Level 1:colcon.colcon_core.package_discovery:discover_packages(prefix_path) using defaults
[1.211s] Level 5:colcon.colcon_core.verb:set package 'scanner' build argument 'cmake_args' from command line to 'None'
[1.211s] Level 5:colcon.colcon_core.verb:set package 'scanner' build argument 'cmake_target' from command line to 'None'
[1.211s] Level 5:colcon.colcon_core.verb:set package 'scanner' build argument 'cmake_target_skip_unavailable' from command line to 'False'
[1.211s] Level 5:colcon.colcon_core.verb:set package 'scanner' build argument 'cmake_clean_cache' from command line to 'False'
[1.211s] Level 5:colcon.colcon_core.verb:set package 'scanner' build argument 'cmake_clean_first' from command line to 'False'
[1.211s] Level 5:colcon.colcon_core.verb:set package 'scanner' build argument 'cmake_force_configure' from command line to 'False'
[1.211s] Level 5:colcon.colcon_core.verb:set package 'scanner' build argument 'ament_cmake_args' from command line to 'None'
[1.211s] Level 5:colcon.colcon_core.verb:set package 'scanner' build argument 'catkin_cmake_args' from command line to 'None'
[1.211s] Level 5:colcon.colcon_core.verb:set package 'scanner' build argument 'catkin_skip_building_tests' from command line to 'False'
[1.211s] DEBUG:colcon.colcon_core.verb:Building package 'scanner' with the following arguments: {'ament_cmake_args': None, 'build_base': '/home/michael/ros2_ws/build/scanner', 'catkin_cmake_args': None, 'catkin_skip_building_tests': False, 'cmake_args': None, 'cmake_clean_cache': False, 'cmake_clean_first': False, 'cmake_force_configure': False, 'cmake_target': None, 'cmake_target_skip_unavailable': False, 'install_base': '/home/michael/ros2_ws/install/scanner', 'merge_install': False, 'path': '/home/michael/ros2_ws/src/scanner', 'symlink_install': False, 'test_result_base': None}
[1.225s] Level 5:colcon.colcon_core.verb:set package 'sllidar_ros2' build argument 'cmake_args' from command line to 'None'
[1.225s] Level 5:colcon.colcon_core.verb:set package 'sllidar_ros2' build argument 'cmake_target' from command line to 'None'
[1.225s] Level 5:colcon.colcon_core.verb:set package 'sllidar_ros2' build argument 'cmake_target_skip_unavailable' from command line to 'False'
[1.225s] Level 5:colcon.colcon_core.verb:set package 'sllidar_ros2' build argument 'cmake_clean_cache' from command line to 'False'
[1.225s] Level 5:colcon.colcon_core.verb:set package 'sllidar_ros2' build argument 'cmake_clean_first' from command line to 'False'
[1.225s] Level 5:colcon.colcon_core.verb:set package 'sllidar_ros2' build argument 'cmake_force_configure' from command line to 'False'
[1.225s] Level 5:colcon.colcon_core.verb:set package 'sllidar_ros2' build argument 'ament_cmake_args' from command line to 'None'
[1.225s] Level 5:colcon.colcon_core.verb:set package 'sllidar_ros2' build argument 'catkin_cmake_args' from command line to 'None'
[1.225s] Level 5:colcon.colcon_core.verb:set package 'sllidar_ros2' build argument 'catkin_skip_building_tests' from command line to 'False'
[1.225s] DEBUG:colcon.colcon_core.verb:Building package 'sllidar_ros2' with the following arguments: {'ament_cmake_args': None, 'build_base': '/home/michael/ros2_ws/build/sllidar_ros2', 'catkin_cmake_args': None, 'catkin_skip_building_tests': False, 'cmake_args': None, 'cmake_clean_cache': False, 'cmake_clean_first': False, 'cmake_force_configure': False, 'cmake_target': None, 'cmake_target_skip_unavailable': False, 'install_base': '/home/michael/ros2_ws/install/sllidar_ros2', 'merge_install': False, 'path': '/home/michael/ros2_ws/src/sllidar_ros2', 'symlink_install': False, 'test_result_base': None}
[1.238s] INFO:colcon.colcon_core.executor:Executing jobs using 'parallel' executor
[1.253s] DEBUG:colcon.colcon_parallel_executor.executor.parallel:run_until_complete
[1.253s] INFO:colcon.colcon_ros.task.ament_cmake.build:Building ROS package in '/home/michael/ros2_ws/src/scanner' with build type 'ament_cmake'
[1.254s] INFO:colcon.colcon_cmake.task.cmake.build:Building CMake package in '/home/michael/ros2_ws/src/scanner'
[1.269s] INFO:colcon.colcon_core.plugin_system:Skipping extension 'colcon_core.shell.bat': Not used on non-Windows systems
[1.269s] INFO:colcon.colcon_core.shell:Skip shell extension 'powershell' for command environment: Not usable outside of PowerShell
[1.269s] DEBUG:colcon.colcon_core.shell:Skip shell extension 'dsv' for command environment
[1.314s] INFO:colcon.colcon_ros.task.ament_cmake.build:Building ROS package in '/home/michael/ros2_ws/src/sllidar_ros2' with build type 'ament_cmake'
[1.314s] INFO:colcon.colcon_cmake.task.cmake.build:Building CMake package in '/home/michael/ros2_ws/src/sllidar_ros2'
[1.330s] INFO:colcon.colcon_core.shell:Skip shell extension 'powershell' for command environment: Not usable outside of PowerShell
[1.330s] DEBUG:colcon.colcon_core.shell:Skip shell extension 'dsv' for command environment
[1.382s] DEBUG:colcon.colcon_core.event_handler.log_command:Invoking command in '/home/michael/ros2_ws/build/scanner': CMAKE_PREFIX_PATH=${CMAKE_PREFIX_PATH}:/opt/ros/humble /usr/bin/cmake --build /home/michael/ros2_ws/build/scanner -- -j4 -l4
[1.385s] DEBUG:colcon.colcon_core.event_handler.log_command:Invoking command in '/home/michael/ros2_ws/build/sllidar_ros2': CMAKE_PREFIX_PATH=${CMAKE_PREFIX_PATH}:/opt/ros/humble /usr/bin/cmake --build /home/michael/ros2_ws/build/sllidar_ros2 -- -j4 -l4
[1.418s] DEBUG:colcon.colcon_core.event_handler.log_command:Invoked command in '/home/michael/ros2_ws/build/scanner' returned '0': CMAKE_PREFIX_PATH=${CMAKE_PREFIX_PATH}:/opt/ros/humble /usr/bin/cmake --build /home/michael/ros2_ws/build/scanner -- -j4 -l4
[1.448s] DEBUG:colcon.colcon_core.event_handler.log_command:Invoking command in '/home/michael/ros2_ws/build/scanner': CMAKE_PREFIX_PATH=${CMAKE_PREFIX_PATH}:/opt/ros/humble /usr/bin/cmake --install /home/michael/ros2_ws/build/scanner
[1.457s] Level 1:colcon.colcon_core.environment:create_environment_scripts_only(scanner)
[1.457s] DEBUG:colcon.colcon_core.event_handler.log_command:Invoked command in '/home/michael/ros2_ws/build/scanner' returned '0': CMAKE_PREFIX_PATH=${CMAKE_PREFIX_PATH}:/opt/ros/humble /usr/bin/cmake --install /home/michael/ros2_ws/build/scanner
[1.475s] Level 1:colcon.colcon_core.environment:checking '/home/michael/ros2_ws/install/scanner' for CMake module files
[1.475s] Level 1:colcon.colcon_core.environment:checking '/home/michael/ros2_ws/install/scanner' for CMake config files
[1.475s] Level 1:colcon.colcon_core.shell:create_environment_hook('scanner', 'cmake_prefix_path')
[1.492s] INFO:colcon.colcon_core.shell:Creating environment hook '/home/michael/ros2_ws/install/scanner/share/scanner/hook/cmake_prefix_path.ps1'
[1.492s] INFO:colcon.colcon_core.shell:Creating environment descriptor '/home/michael/ros2_ws/install/scanner/share/scanner/hook/cmake_prefix_path.dsv'
[1.493s] INFO:colcon.colcon_core.shell:Creating environment hook '/home/michael/ros2_ws/install/scanner/share/scanner/hook/cmake_prefix_path.sh'
[1.494s] Level 1:colcon.colcon_core.environment:checking '/home/michael/ros2_ws/install/scanner/bin'
[1.494s] Level 1:colcon.colcon_core.environment:checking '/home/michael/ros2_ws/install/scanner/lib/pkgconfig/scanner.pc'
[1.494s] Level 1:colcon.colcon_core.environment:checking '/home/michael/ros2_ws/install/scanner/lib/python3.10/site-packages'
[1.494s] Level 1:colcon.colcon_core.environment:checking '/home/michael/ros2_ws/install/scanner/bin'
[1.509s] INFO:colcon.colcon_core.shell:Creating package script '/home/michael/ros2_ws/install/scanner/share/scanner/package.ps1'
[1.510s] INFO:colcon.colcon_core.shell:Creating package descriptor '/home/michael/ros2_ws/install/scanner/share/scanner/package.dsv'
[1.511s] INFO:colcon.colcon_core.shell:Creating package script '/home/michael/ros2_ws/install/scanner/share/scanner/package.sh'
[1.512s] INFO:colcon.colcon_core.shell:Creating package script '/home/michael/ros2_ws/install/scanner/share/scanner/package.bash'
[1.513s] INFO:colcon.colcon_core.shell:Creating package script '/home/michael/ros2_ws/install/scanner/share/scanner/package.zsh'
[1.514s] Level 1:colcon.colcon_core.environment:create_file_with_runtime_dependencies(/home/michael/ros2_ws/install/scanner/share/colcon-core/packages/scanner)
[1.516s] DEBUG:colcon.colcon_core.event_handler.log_command:Invoked command in '/home/michael/ros2_ws/build/sllidar_ros2' returned '0': CMAKE_PREFIX_PATH=${CMAKE_PREFIX_PATH}:/opt/ros/humble /usr/bin/cmake --build /home/michael/ros2_ws/build/sllidar_ros2 -- -j4 -l4
[1.554s] Level 1:colcon.colcon_core.environment:create_environment_scripts_only(scanner)
[1.572s] Level 1:colcon.colcon_core.environment:checking '/home/michael/ros2_ws/install/scanner' for CMake module files
[1.573s] Level 1:colcon.colcon_core.environment:checking '/home/michael/ros2_ws/install/scanner' for CMake config files
[1.573s] Level 1:colcon.colcon_core.shell:create_environment_hook('scanner', 'cmake_prefix_path')
[1.588s] INFO:colcon.colcon_core.shell:Creating environment hook '/home/michael/ros2_ws/install/scanner/share/scanner/hook/cmake_prefix_path.ps1'
[1.589s] INFO:colcon.colcon_core.shell:Creating environment descriptor '/home/michael/ros2_ws/install/scanner/share/scanner/hook/cmake_prefix_path.dsv'
[1.589s] INFO:colcon.colcon_core.shell:Creating environment hook '/home/michael/ros2_ws/install/scanner/share/scanner/hook/cmake_prefix_path.sh'
[1.590s] Level 1:colcon.colcon_core.environment:checking '/home/michael/ros2_ws/install/scanner/bin'
[1.590s] Level 1:colcon.colcon_core.environment:checking '/home/michael/ros2_ws/install/scanner/lib/pkgconfig/scanner.pc'
[1.590s] Level 1:colcon.colcon_core.environment:checking '/home/michael/ros2_ws/install/scanner/lib/python3.10/site-packages'
[1.591s] Level 1:colcon.colcon_core.environment:checking '/home/michael/ros2_ws/install/scanner/bin'
[1.605s] INFO:colcon.colcon_core.shell:Creating package script '/home/michael/ros2_ws/install/scanner/share/scanner/package.ps1'
[1.606s] INFO:colcon.colcon_core.shell:Creating package descriptor '/home/michael/ros2_ws/install/scanner/share/scanner/package.dsv'
[1.606s] INFO:colcon.colcon_core.shell:Creating package script '/home/michael/ros2_ws/install/scanner/share/scanner/package.sh'
[1.607s] INFO:colcon.colcon_core.shell:Creating package script '/home/michael/ros2_ws/install/scanner/share/scanner/package.bash'
[1.607s] INFO:colcon.colcon_core.shell:Creating package script '/home/michael/ros2_ws/install/scanner/share/scanner/package.zsh'
[1.608s] Level 1:colcon.colcon_core.environment:create_file_with_runtime_dependencies(/home/michael/ros2_ws/install/scanner/share/colcon-core/packages/scanner)
[1.610s] DEBUG:colcon.colcon_core.event_handler.log_command:Invoking command in '/home/michael/ros2_ws/build/sllidar_ros2': CMAKE_PREFIX_PATH=${CMAKE_PREFIX_PATH}:/opt/ros/humble /usr/bin/cmake --install /home/michael/ros2_ws/build/sllidar_ros2
[1.639s] Level 1:colcon.colcon_core.environment:create_environment_scripts_only(sllidar_ros2)
[1.639s] DEBUG:colcon.colcon_core.event_handler.log_command:Invoked command in '/home/michael/ros2_ws/build/sllidar_ros2' returned '0': CMAKE_PREFIX_PATH=${CMAKE_PREFIX_PATH}:/opt/ros/humble /usr/bin/cmake --install /home/michael/ros2_ws/build/sllidar_ros2
[1.654s] Level 1:colcon.colcon_core.environment:checking '/home/michael/ros2_ws/install/sllidar_ros2' for CMake module files
[1.654s] Level 1:colcon.colcon_core.environment:checking '/home/michael/ros2_ws/install/sllidar_ros2' for CMake config files
[1.654s] Level 1:colcon.colcon_core.shell:create_environment_hook('sllidar_ros2', 'cmake_prefix_path')
[1.669s] INFO:colcon.colcon_core.shell:Creating environment hook '/home/michael/ros2_ws/install/sllidar_ros2/share/sllidar_ros2/hook/cmake_prefix_path.ps1'
[1.669s] INFO:colcon.colcon_core.shell:Creating environment descriptor '/home/michael/ros2_ws/install/sllidar_ros2/share/sllidar_ros2/hook/cmake_prefix_path.dsv'
[1.670s] INFO:colcon.colcon_core.shell:Creating environment hook '/home/michael/ros2_ws/install/sllidar_ros2/share/sllidar_ros2/hook/cmake_prefix_path.sh'
[1.671s] Level 1:colcon.colcon_core.environment:checking '/home/michael/ros2_ws/install/sllidar_ros2/lib'
[1.671s] Level 1:colcon.colcon_core.environment:checking '/home/michael/ros2_ws/install/sllidar_ros2/bin'
[1.671s] Level 1:colcon.colcon_core.environment:checking '/home/michael/ros2_ws/install/sllidar_ros2/lib/pkgconfig/sllidar_ros2.pc'
[1.672s] Level 1:colcon.colcon_core.environment:checking '/home/michael/ros2_ws/install/sllidar_ros2/lib/python3.10/site-packages'
[1.672s] Level 1:colcon.colcon_core.environment:checking '/home/michael/ros2_ws/install/sllidar_ros2/bin'
[1.687s] INFO:colcon.colcon_core.shell:Creating package script '/home/michael/ros2_ws/install/sllidar_ros2/share/sllidar_ros2/package.ps1'
[1.688s] INFO:colcon.colcon_core.shell:Creating package descriptor '/home/michael/ros2_ws/install/sllidar_ros2/share/sllidar_ros2/package.dsv'
[1.688s] INFO:colcon.colcon_core.shell:Creating package script '/home/michael/ros2_ws/install/sllidar_ros2/share/sllidar_ros2/package.sh'
[1.688s] INFO:colcon.colcon_core.shell:Creating package script '/home/michael/ros2_ws/install/sllidar_ros2/share/sllidar_ros2/package.bash'
[1.689s] INFO:colcon.colcon_core.shell:Creating package script '/home/michael/ros2_ws/install/sllidar_ros2/share/sllidar_ros2/package.zsh'
[1.689s] Level 1:colcon.colcon_core.environment:create_file_with_runtime_dependencies(/home/michael/ros2_ws/install/sllidar_ros2/share/colcon-core/packages/sllidar_ros2)
[1.757s] Level 1:colcon.colcon_core.environment:create_environment_scripts_only(sllidar_ros2)
[1.771s] Level 1:colcon.colcon_core.environment:checking '/home/michael/ros2_ws/install/sllidar_ros2' for CMake module files
[1.771s] Level 1:colcon.colcon_core.environment:checking '/home/michael/ros2_ws/install/sllidar_ros2' for CMake config files
[1.771s] Level 1:colcon.colcon_core.shell:create_environment_hook('sllidar_ros2', 'cmake_prefix_path')
[1.785s] INFO:colcon.colcon_core.shell:Creating environment hook '/home/michael/ros2_ws/install/sllidar_ros2/share/sllidar_ros2/hook/cmake_prefix_path.ps1'
[1.786s] INFO:colcon.colcon_core.shell:Creating environment descriptor '/home/michael/ros2_ws/install/sllidar_ros2/share/sllidar_ros2/hook/cmake_prefix_path.dsv'
[1.787s] INFO:colcon.colcon_core.shell:Creating environment hook '/home/michael/ros2_ws/install/sllidar_ros2/share/sllidar_ros2/hook/cmake_prefix_path.sh'
[1.787s] Level 1:colcon.colcon_core.environment:checking '/home/michael/ros2_ws/install/sllidar_ros2/lib'
[1.787s] Level 1:colcon.colcon_core.environment:checking '/home/michael/ros2_ws/install/sllidar_ros2/bin'
[1.788s] Level 1:colcon.colcon_core.environment:checking '/home/michael/ros2_ws/install/sllidar_ros2/lib/pkgconfig/sllidar_ros2.pc'
[1.788s] Level 1:colcon.colcon_core.environment:checking '/home/michael/ros2_ws/install/sllidar_ros2/lib/python3.10/site-packages'
[1.788s] Level 1:colcon.colcon_core.environment:checking '/home/michael/ros2_ws/install/sllidar_ros2/bin'
[1.802s] INFO:colcon.colcon_core.shell:Creating package script '/home/michael/ros2_ws/install/sllidar_ros2/share/sllidar_ros2/package.ps1'
[1.802s] INFO:colcon.colcon_core.shell:Creating package descriptor '/home/michael/ros2_ws/install/sllidar_ros2/share/sllidar_ros2/package.dsv'
[1.803s] INFO:colcon.colcon_core.shell:Creating package script '/home/michael/ros2_ws/install/sllidar_ros2/share/sllidar_ros2/package.sh'
[1.803s] INFO:colcon.colcon_core.shell:Creating package script '/home/michael/ros2_ws/install/sllidar_ros2/share/sllidar_ros2/package.bash'
[1.804s] INFO:colcon.colcon_core.shell:Creating package script '/home/michael/ros2_ws/install/sllidar_ros2/share/sllidar_ros2/package.zsh'
[1.804s] Level 1:colcon.colcon_core.environment:create_file_with_runtime_dependencies(/home/michael/ros2_ws/install/sllidar_ros2/share/colcon-core/packages/sllidar_ros2)
[1.804s] DEBUG:colcon.colcon_parallel_executor.executor.parallel:closing loop
[1.805s] DEBUG:colcon.colcon_parallel_executor.executor.parallel:loop closed
[1.805s] DEBUG:colcon.colcon_parallel_executor.executor.parallel:run_until_complete finished with '0'
[1.805s] DEBUG:colcon.colcon_core.event_reactor:joining thread
[1.825s] INFO:colcon.colcon_core.plugin_system:Skipping extension 'colcon_notification.desktop_notification.terminal_notifier': Not used on non-Darwin systems
[1.825s] INFO:colcon.colcon_core.plugin_system:Skipping extension 'colcon_notification.desktop_notification.win32': Not used on non-Windows systems
[1.825s] INFO:colcon.colcon_notification.desktop_notification:Sending desktop notification using 'notify2'
[1.836s] DEBUG:colcon.colcon_core.event_reactor:joined thread
[1.852s] INFO:colcon.colcon_core.shell:Creating prefix script '/home/michael/ros2_ws/install/local_setup.ps1'
[1.853s] INFO:colcon.colcon_core.shell:Creating prefix util module '/home/michael/ros2_ws/install/_local_setup_util_ps1.py'
[1.854s] INFO:colcon.colcon_core.shell:Creating prefix chain script '/home/michael/ros2_ws/install/setup.ps1'
[1.869s] INFO:colcon.colcon_core.shell:Creating prefix script '/home/michael/ros2_ws/install/local_setup.sh'
[1.869s] INFO:colcon.colcon_core.shell:Creating prefix util module '/home/michael/ros2_ws/install/_local_setup_util_sh.py'
[1.870s] INFO:colcon.colcon_core.shell:Creating prefix chain script '/home/michael/ros2_ws/install/setup.sh'
[1.884s] INFO:colcon.colcon_core.shell:Creating prefix script '/home/michael/ros2_ws/install/local_setup.bash'
[1.885s] INFO:colcon.colcon_core.shell:Creating prefix chain script '/home/michael/ros2_ws/install/setup.bash'
[1.899s] INFO:colcon.colcon_core.shell:Creating prefix script '/home/michael/ros2_ws/install/local_setup.zsh'
[1.900s] INFO:colcon.colcon_core.shell:Creating prefix chain script '/home/michael/ros2_ws/install/setup.zsh'
