[0.910s] DEBUG:colcon:Command line arguments: ['/usr/bin/colcon', 'build']
[0.911s] DEBUG:colcon:Parsed command line arguments: Namespace(log_base=None, log_level=None, verb_name='build', build_base='build', install_base='install', merge_install=False, symlink_install=False, test_result_base=None, continue_on_error=False, executor='parallel', parallel_workers=4, event_handlers=None, ignore_user_meta=False, metas=['./colcon.meta'], base_paths=['.'], packages_ignore=None, packages_ignore_regex=None, paths=None, packages_up_to=None, packages_up_to_regex=None, packages_above=None, packages_above_and_dependencies=None, packages_above_depth=None, packages_select_by_dep=None, packages_skip_by_dep=None, packages_skip_up_to=None, packages_select_build_failed=False, packages_skip_build_finished=False, packages_select_test_failures=False, packages_skip_test_passed=False, packages_select=None, packages_skip=None, packages_select_regex=None, packages_skip_regex=None, packages_start=None, packages_end=None, allow_overriding=[], cmake_args=None, cmake_target=None, cmake_target_skip_unavailable=False, cmake_clean_cache=False, cmake_clean_first=False, cmake_force_configure=False, ament_cmake_args=None, catkin_cmake_args=None, catkin_skip_building_tests=False, verb_parser=<colcon_defaults.argument_parser.defaults.DefaultArgumentsDecorator object at 0x7820fdf58580>, verb_extension=<colcon_core.verb.build.BuildVerb object at 0x7820fdf350c0>, main=<bound method BuildVerb.main of <colcon_core.verb.build.BuildVerb object at 0x7820fdf350c0>>)
[0.955s] Level 1:colcon.colcon_core.package_discovery:discover_packages(colcon_meta) check parameters
[0.955s] Level 1:colcon.colcon_core.package_discovery:discover_packages(recursive) check parameters
[0.955s] Level 1:colcon.colcon_core.package_discovery:discover_packages(ignore) check parameters
[0.955s] Level 1:colcon.colcon_core.package_discovery:discover_packages(path) check parameters
[0.955s] Level 1:colcon.colcon_core.package_discovery:discover_packages(colcon_meta) discover
[0.955s] Level 1:colcon.colcon_core.package_discovery:discover_packages(recursive) discover
[0.955s] INFO:colcon.colcon_core.package_discovery:Crawling recursively for packages in '/home/michael/ros2_ws'
[0.955s] Level 1:colcon.colcon_core.package_identification:_identify(.) by extensions ['ignore', 'ignore_ament_install']
[0.956s] Level 1:colcon.colcon_core.package_identification:_identify(.) by extension 'ignore'
[0.956s] Level 1:colcon.colcon_core.package_identification:_identify(.) by extension 'ignore_ament_install'
[0.956s] Level 1:colcon.colcon_core.package_identification:_identify(.) by extensions ['colcon_pkg']
[0.956s] Level 1:colcon.colcon_core.package_identification:_identify(.) by extension 'colcon_pkg'
[0.956s] Level 1:colcon.colcon_core.package_identification:_identify(.) by extensions ['colcon_meta']
[0.956s] Level 1:colcon.colcon_core.package_identification:_identify(.) by extension 'colcon_meta'
[0.956s] Level 1:colcon.colcon_core.package_identification:_identify(.) by extensions ['ros']
[0.956s] Level 1:colcon.colcon_core.package_identification:_identify(.) by extension 'ros'
[0.967s] Level 1:colcon.colcon_core.package_identification:_identify(.) by extensions ['cmake', 'python']
[0.967s] Level 1:colcon.colcon_core.package_identification:_identify(.) by extension 'cmake'
[0.967s] Level 1:colcon.colcon_core.package_identification:_identify(.) by extension 'python'
[0.967s] Level 1:colcon.colcon_core.package_identification:_identify(.) by extensions ['python_setup_py']
[0.967s] Level 1:colcon.colcon_core.package_identification:_identify(.) by extension 'python_setup_py'
[0.967s] Level 1:colcon.colcon_core.package_identification:_identify(build) by extensions ['ignore', 'ignore_ament_install']
[0.968s] Level 1:colcon.colcon_core.package_identification:_identify(build) by extension 'ignore'
[0.968s] Level 1:colcon.colcon_core.package_identification:_identify(build) ignored
[0.968s] Level 1:colcon.colcon_core.package_identification:_identify(install) by extensions ['ignore', 'ignore_ament_install']
[0.968s] Level 1:colcon.colcon_core.package_identification:_identify(install) by extension 'ignore'
[0.968s] Level 1:colcon.colcon_core.package_identification:_identify(install) ignored
[0.968s] Level 1:colcon.colcon_core.package_identification:_identify(log) by extensions ['ignore', 'ignore_ament_install']
[0.968s] Level 1:colcon.colcon_core.package_identification:_identify(log) by extension 'ignore'
[0.968s] Level 1:colcon.colcon_core.package_identification:_identify(log) ignored
[0.968s] Level 1:colcon.colcon_core.package_identification:_identify(src) by extensions ['ignore', 'ignore_ament_install']
[0.968s] Level 1:colcon.colcon_core.package_identification:_identify(src) by extension 'ignore'
[0.968s] Level 1:colcon.colcon_core.package_identification:_identify(src) by extension 'ignore_ament_install'
[0.968s] Level 1:colcon.colcon_core.package_identification:_identify(src) by extensions ['colcon_pkg']
[0.968s] Level 1:colcon.colcon_core.package_identification:_identify(src) by extension 'colcon_pkg'
[0.969s] Level 1:colcon.colcon_core.package_identification:_identify(src) by extensions ['colcon_meta']
[0.969s] Level 1:colcon.colcon_core.package_identification:_identify(src) by extension 'colcon_meta'
[0.969s] Level 1:colcon.colcon_core.package_identification:_identify(src) by extensions ['ros']
[0.969s] Level 1:colcon.colcon_core.package_identification:_identify(src) by extension 'ros'
[0.969s] Level 1:colcon.colcon_core.package_identification:_identify(src) by extensions ['cmake', 'python']
[0.969s] Level 1:colcon.colcon_core.package_identification:_identify(src) by extension 'cmake'
[0.969s] Level 1:colcon.colcon_core.package_identification:_identify(src) by extension 'python'
[0.969s] Level 1:colcon.colcon_core.package_identification:_identify(src) by extensions ['python_setup_py']
[0.969s] Level 1:colcon.colcon_core.package_identification:_identify(src) by extension 'python_setup_py'
[0.969s] Level 1:colcon.colcon_core.package_identification:_identify(src/cpp_pubsub) by extensions ['ignore', 'ignore_ament_install']
[0.969s] Level 1:colcon.colcon_core.package_identification:_identify(src/cpp_pubsub) by extension 'ignore'
[0.969s] Level 1:colcon.colcon_core.package_identification:_identify(src/cpp_pubsub) by extension 'ignore_ament_install'
[0.969s] Level 1:colcon.colcon_core.package_identification:_identify(src/cpp_pubsub) by extensions ['colcon_pkg']
[0.969s] Level 1:colcon.colcon_core.package_identification:_identify(src/cpp_pubsub) by extension 'colcon_pkg'
[0.969s] Level 1:colcon.colcon_core.package_identification:_identify(src/cpp_pubsub) by extensions ['colcon_meta']
[0.969s] Level 1:colcon.colcon_core.package_identification:_identify(src/cpp_pubsub) by extension 'colcon_meta'
[0.969s] Level 1:colcon.colcon_core.package_identification:_identify(src/cpp_pubsub) by extensions ['ros']
[0.969s] Level 1:colcon.colcon_core.package_identification:_identify(src/cpp_pubsub) by extension 'ros'
[0.972s] DEBUG:colcon.colcon_core.package_identification:Package 'src/cpp_pubsub' with type 'ros.ament_cmake' and name 'cpp_pubsub'
[0.972s] Level 1:colcon.colcon_core.package_identification:_identify(src/data) by extensions ['ignore', 'ignore_ament_install']
[0.972s] Level 1:colcon.colcon_core.package_identification:_identify(src/data) by extension 'ignore'
[0.972s] Level 1:colcon.colcon_core.package_identification:_identify(src/data) by extension 'ignore_ament_install'
[0.972s] Level 1:colcon.colcon_core.package_identification:_identify(src/data) by extensions ['colcon_pkg']
[0.972s] Level 1:colcon.colcon_core.package_identification:_identify(src/data) by extension 'colcon_pkg'
[0.972s] Level 1:colcon.colcon_core.package_identification:_identify(src/data) by extensions ['colcon_meta']
[0.972s] Level 1:colcon.colcon_core.package_identification:_identify(src/data) by extension 'colcon_meta'
[0.972s] Level 1:colcon.colcon_core.package_identification:_identify(src/data) by extensions ['ros']
[0.972s] Level 1:colcon.colcon_core.package_identification:_identify(src/data) by extension 'ros'
[0.973s] DEBUG:colcon.colcon_core.package_identification:Package 'src/data' with type 'ros.ament_cmake' and name 'data'
[0.973s] Level 1:colcon.colcon_core.package_identification:_identify(src/sllidar_ros2) by extensions ['ignore', 'ignore_ament_install']
[0.973s] Level 1:colcon.colcon_core.package_identification:_identify(src/sllidar_ros2) by extension 'ignore'
[0.973s] Level 1:colcon.colcon_core.package_identification:_identify(src/sllidar_ros2) by extension 'ignore_ament_install'
[0.973s] Level 1:colcon.colcon_core.package_identification:_identify(src/sllidar_ros2) by extensions ['colcon_pkg']
[0.973s] Level 1:colcon.colcon_core.package_identification:_identify(src/sllidar_ros2) by extension 'colcon_pkg'
[0.973s] Level 1:colcon.colcon_core.package_identification:_identify(src/sllidar_ros2) by extensions ['colcon_meta']
[0.973s] Level 1:colcon.colcon_core.package_identification:_identify(src/sllidar_ros2) by extension 'colcon_meta'
[0.973s] Level 1:colcon.colcon_core.package_identification:_identify(src/sllidar_ros2) by extensions ['ros']
[0.973s] Level 1:colcon.colcon_core.package_identification:_identify(src/sllidar_ros2) by extension 'ros'
[0.974s] DEBUG:colcon.colcon_core.package_identification:Package 'src/sllidar_ros2' with type 'ros.ament_cmake' and name 'sllidar_ros2'
[0.974s] Level 1:colcon.colcon_core.package_discovery:discover_packages(recursive) using defaults
[0.974s] Level 1:colcon.colcon_core.package_discovery:discover_packages(ignore) discover
[0.974s] Level 1:colcon.colcon_core.package_discovery:discover_packages(ignore) using defaults
[0.974s] Level 1:colcon.colcon_core.package_discovery:discover_packages(path) discover
[0.974s] Level 1:colcon.colcon_core.package_discovery:discover_packages(path) using defaults
[1.058s] Level 1:colcon.colcon_core.package_discovery:discover_packages(prefix_path) check parameters
[1.058s] Level 1:colcon.colcon_core.package_discovery:discover_packages(prefix_path) discover
[1.087s] DEBUG:colcon.colcon_installed_package_information.package_discovery:Found 4 installed packages in /home/michael/ros2_ws/install
[1.101s] DEBUG:colcon.colcon_installed_package_information.package_discovery:Found 272 installed packages in /opt/ros/humble
[1.102s] Level 1:colcon.colcon_core.package_discovery:discover_packages(prefix_path) using defaults
[1.201s] Level 5:colcon.colcon_core.verb:set package 'cpp_pubsub' build argument 'cmake_args' from command line to 'None'
[1.201s] Level 5:colcon.colcon_core.verb:set package 'cpp_pubsub' build argument 'cmake_target' from command line to 'None'
[1.201s] Level 5:colcon.colcon_core.verb:set package 'cpp_pubsub' build argument 'cmake_target_skip_unavailable' from command line to 'False'
[1.201s] Level 5:colcon.colcon_core.verb:set package 'cpp_pubsub' build argument 'cmake_clean_cache' from command line to 'False'
[1.201s] Level 5:colcon.colcon_core.verb:set package 'cpp_pubsub' build argument 'cmake_clean_first' from command line to 'False'
[1.201s] Level 5:colcon.colcon_core.verb:set package 'cpp_pubsub' build argument 'cmake_force_configure' from command line to 'False'
[1.201s] Level 5:colcon.colcon_core.verb:set package 'cpp_pubsub' build argument 'ament_cmake_args' from command line to 'None'
[1.201s] Level 5:colcon.colcon_core.verb:set package 'cpp_pubsub' build argument 'catkin_cmake_args' from command line to 'None'
[1.201s] Level 5:colcon.colcon_core.verb:set package 'cpp_pubsub' build argument 'catkin_skip_building_tests' from command line to 'False'
[1.201s] DEBUG:colcon.colcon_core.verb:Building package 'cpp_pubsub' with the following arguments: {'ament_cmake_args': None, 'build_base': '/home/michael/ros2_ws/build/cpp_pubsub', 'catkin_cmake_args': None, 'catkin_skip_building_tests': False, 'cmake_args': None, 'cmake_clean_cache': False, 'cmake_clean_first': False, 'cmake_force_configure': False, 'cmake_target': None, 'cmake_target_skip_unavailable': False, 'install_base': '/home/michael/ros2_ws/install/cpp_pubsub', 'merge_install': False, 'path': '/home/michael/ros2_ws/src/cpp_pubsub', 'symlink_install': False, 'test_result_base': None}
[1.215s] Level 5:colcon.colcon_core.verb:set package 'data' build argument 'cmake_args' from command line to 'None'
[1.215s] Level 5:colcon.colcon_core.verb:set package 'data' build argument 'cmake_target' from command line to 'None'
[1.215s] Level 5:colcon.colcon_core.verb:set package 'data' build argument 'cmake_target_skip_unavailable' from command line to 'False'
[1.215s] Level 5:colcon.colcon_core.verb:set package 'data' build argument 'cmake_clean_cache' from command line to 'False'
[1.215s] Level 5:colcon.colcon_core.verb:set package 'data' build argument 'cmake_clean_first' from command line to 'False'
[1.215s] Level 5:colcon.colcon_core.verb:set package 'data' build argument 'cmake_force_configure' from command line to 'False'
[1.215s] Level 5:colcon.colcon_core.verb:set package 'data' build argument 'ament_cmake_args' from command line to 'None'
[1.215s] Level 5:colcon.colcon_core.verb:set package 'data' build argument 'catkin_cmake_args' from command line to 'None'
[1.215s] Level 5:colcon.colcon_core.verb:set package 'data' build argument 'catkin_skip_building_tests' from command line to 'False'
[1.215s] DEBUG:colcon.colcon_core.verb:Building package 'data' with the following arguments: {'ament_cmake_args': None, 'build_base': '/home/michael/ros2_ws/build/data', 'catkin_cmake_args': None, 'catkin_skip_building_tests': False, 'cmake_args': None, 'cmake_clean_cache': False, 'cmake_clean_first': False, 'cmake_force_configure': False, 'cmake_target': None, 'cmake_target_skip_unavailable': False, 'install_base': '/home/michael/ros2_ws/install/data', 'merge_install': False, 'path': '/home/michael/ros2_ws/src/data', 'symlink_install': False, 'test_result_base': None}
[1.228s] Level 5:colcon.colcon_core.verb:set package 'sllidar_ros2' build argument 'cmake_args' from command line to 'None'
[1.229s] Level 5:colcon.colcon_core.verb:set package 'sllidar_ros2' build argument 'cmake_target' from command line to 'None'
[1.229s] Level 5:colcon.colcon_core.verb:set package 'sllidar_ros2' build argument 'cmake_target_skip_unavailable' from command line to 'False'
[1.229s] Level 5:colcon.colcon_core.verb:set package 'sllidar_ros2' build argument 'cmake_clean_cache' from command line to 'False'
[1.229s] Level 5:colcon.colcon_core.verb:set package 'sllidar_ros2' build argument 'cmake_clean_first' from command line to 'False'
[1.229s] Level 5:colcon.colcon_core.verb:set package 'sllidar_ros2' build argument 'cmake_force_configure' from command line to 'False'
[1.229s] Level 5:colcon.colcon_core.verb:set package 'sllidar_ros2' build argument 'ament_cmake_args' from command line to 'None'
[1.229s] Level 5:colcon.colcon_core.verb:set package 'sllidar_ros2' build argument 'catkin_cmake_args' from command line to 'None'
[1.229s] Level 5:colcon.colcon_core.verb:set package 'sllidar_ros2' build argument 'catkin_skip_building_tests' from command line to 'False'
[1.229s] DEBUG:colcon.colcon_core.verb:Building package 'sllidar_ros2' with the following arguments: {'ament_cmake_args': None, 'build_base': '/home/michael/ros2_ws/build/sllidar_ros2', 'catkin_cmake_args': None, 'catkin_skip_building_tests': False, 'cmake_args': None, 'cmake_clean_cache': False, 'cmake_clean_first': False, 'cmake_force_configure': False, 'cmake_target': None, 'cmake_target_skip_unavailable': False, 'install_base': '/home/michael/ros2_ws/install/sllidar_ros2', 'merge_install': False, 'path': '/home/michael/ros2_ws/src/sllidar_ros2', 'symlink_install': False, 'test_result_base': None}
[1.242s] INFO:colcon.colcon_core.executor:Executing jobs using 'parallel' executor
[1.256s] DEBUG:colcon.colcon_parallel_executor.executor.parallel:run_until_complete
[1.256s] INFO:colcon.colcon_ros.task.ament_cmake.build:Building ROS package in '/home/michael/ros2_ws/src/cpp_pubsub' with build type 'ament_cmake'
[1.256s] INFO:colcon.colcon_cmake.task.cmake.build:Building CMake package in '/home/michael/ros2_ws/src/cpp_pubsub'
[1.272s] INFO:colcon.colcon_core.plugin_system:Skipping extension 'colcon_core.shell.bat': Not used on non-Windows systems
[1.272s] INFO:colcon.colcon_core.shell:Skip shell extension 'powershell' for command environment: Not usable outside of PowerShell
[1.273s] DEBUG:colcon.colcon_core.shell:Skip shell extension 'dsv' for command environment
[1.315s] INFO:colcon.colcon_ros.task.ament_cmake.build:Building ROS package in '/home/michael/ros2_ws/src/data' with build type 'ament_cmake'
[1.315s] INFO:colcon.colcon_cmake.task.cmake.build:Building CMake package in '/home/michael/ros2_ws/src/data'
[1.329s] INFO:colcon.colcon_core.shell:Skip shell extension 'powershell' for command environment: Not usable outside of PowerShell
[1.329s] DEBUG:colcon.colcon_core.shell:Skip shell extension 'dsv' for command environment
[1.372s] INFO:colcon.colcon_ros.task.ament_cmake.build:Building ROS package in '/home/michael/ros2_ws/src/sllidar_ros2' with build type 'ament_cmake'
[1.372s] INFO:colcon.colcon_cmake.task.cmake.build:Building CMake package in '/home/michael/ros2_ws/src/sllidar_ros2'
[1.387s] INFO:colcon.colcon_core.shell:Skip shell extension 'powershell' for command environment: Not usable outside of PowerShell
[1.387s] DEBUG:colcon.colcon_core.shell:Skip shell extension 'dsv' for command environment
[1.434s] DEBUG:colcon.colcon_core.event_handler.log_command:Invoking command in '/home/michael/ros2_ws/build/cpp_pubsub': CMAKE_PREFIX_PATH=${CMAKE_PREFIX_PATH}:/opt/ros/humble /usr/bin/cmake --build /home/michael/ros2_ws/build/cpp_pubsub -- -j4 -l4
[1.437s] DEBUG:colcon.colcon_core.event_handler.log_command:Invoking command in '/home/michael/ros2_ws/build/data': CMAKE_PREFIX_PATH=${CMAKE_PREFIX_PATH}:/opt/ros/humble /usr/bin/cmake --build /home/michael/ros2_ws/build/data -- -j4 -l4
[1.441s] DEBUG:colcon.colcon_core.event_handler.log_command:Invoking command in '/home/michael/ros2_ws/build/sllidar_ros2': CMAKE_PREFIX_PATH=${CMAKE_PREFIX_PATH}:/opt/ros/humble /usr/bin/cmake --build /home/michael/ros2_ws/build/sllidar_ros2 -- -j4 -l4
[1.506s] DEBUG:colcon.colcon_core.event_handler.log_command:Invoked command in '/home/michael/ros2_ws/build/cpp_pubsub' returned '0': CMAKE_PREFIX_PATH=${CMAKE_PREFIX_PATH}:/opt/ros/humble /usr/bin/cmake --build /home/michael/ros2_ws/build/cpp_pubsub -- -j4 -l4
[1.518s] DEBUG:colcon.colcon_core.event_handler.log_command:Invoked command in '/home/michael/ros2_ws/build/sllidar_ros2' returned '0': CMAKE_PREFIX_PATH=${CMAKE_PREFIX_PATH}:/opt/ros/humble /usr/bin/cmake --build /home/michael/ros2_ws/build/sllidar_ros2 -- -j4 -l4
[1.543s] DEBUG:colcon.colcon_core.event_handler.log_command:Invoking command in '/home/michael/ros2_ws/build/cpp_pubsub': CMAKE_PREFIX_PATH=${CMAKE_PREFIX_PATH}:/opt/ros/humble /usr/bin/cmake --install /home/michael/ros2_ws/build/cpp_pubsub
[1.557s] Level 1:colcon.colcon_core.environment:create_environment_scripts_only(cpp_pubsub)
[1.558s] DEBUG:colcon.colcon_core.event_handler.log_command:Invoked command in '/home/michael/ros2_ws/build/cpp_pubsub' returned '0': CMAKE_PREFIX_PATH=${CMAKE_PREFIX_PATH}:/opt/ros/humble /usr/bin/cmake --install /home/michael/ros2_ws/build/cpp_pubsub
[1.578s] Level 1:colcon.colcon_core.environment:checking '/home/michael/ros2_ws/install/cpp_pubsub' for CMake module files
[1.578s] Level 1:colcon.colcon_core.environment:checking '/home/michael/ros2_ws/install/cpp_pubsub' for CMake config files
[1.578s] Level 1:colcon.colcon_core.shell:create_environment_hook('cpp_pubsub', 'cmake_prefix_path')
[1.593s] INFO:colcon.colcon_core.shell:Creating environment hook '/home/michael/ros2_ws/install/cpp_pubsub/share/cpp_pubsub/hook/cmake_prefix_path.ps1'
[1.594s] INFO:colcon.colcon_core.shell:Creating environment descriptor '/home/michael/ros2_ws/install/cpp_pubsub/share/cpp_pubsub/hook/cmake_prefix_path.dsv'
[1.594s] INFO:colcon.colcon_core.shell:Creating environment hook '/home/michael/ros2_ws/install/cpp_pubsub/share/cpp_pubsub/hook/cmake_prefix_path.sh'
[1.595s] Level 1:colcon.colcon_core.environment:checking '/home/michael/ros2_ws/install/cpp_pubsub/lib'
[1.596s] Level 1:colcon.colcon_core.environment:checking '/home/michael/ros2_ws/install/cpp_pubsub/bin'
[1.596s] Level 1:colcon.colcon_core.environment:checking '/home/michael/ros2_ws/install/cpp_pubsub/lib/pkgconfig/cpp_pubsub.pc'
[1.596s] Level 1:colcon.colcon_core.environment:checking '/home/michael/ros2_ws/install/cpp_pubsub/lib/python3.10/site-packages'
[1.596s] Level 1:colcon.colcon_core.environment:checking '/home/michael/ros2_ws/install/cpp_pubsub/bin'
[1.610s] INFO:colcon.colcon_core.shell:Creating package script '/home/michael/ros2_ws/install/cpp_pubsub/share/cpp_pubsub/package.ps1'
[1.611s] INFO:colcon.colcon_core.shell:Creating package descriptor '/home/michael/ros2_ws/install/cpp_pubsub/share/cpp_pubsub/package.dsv'
[1.612s] INFO:colcon.colcon_core.shell:Creating package script '/home/michael/ros2_ws/install/cpp_pubsub/share/cpp_pubsub/package.sh'
[1.612s] INFO:colcon.colcon_core.shell:Creating package script '/home/michael/ros2_ws/install/cpp_pubsub/share/cpp_pubsub/package.bash'
[1.613s] INFO:colcon.colcon_core.shell:Creating package script '/home/michael/ros2_ws/install/cpp_pubsub/share/cpp_pubsub/package.zsh'
[1.614s] Level 1:colcon.colcon_core.environment:create_file_with_runtime_dependencies(/home/michael/ros2_ws/install/cpp_pubsub/share/colcon-core/packages/cpp_pubsub)
[1.616s] DEBUG:colcon.colcon_core.event_handler.log_command:Invoking command in '/home/michael/ros2_ws/build/sllidar_ros2': CMAKE_PREFIX_PATH=${CMAKE_PREFIX_PATH}:/opt/ros/humble /usr/bin/cmake --install /home/michael/ros2_ws/build/sllidar_ros2
[1.657s] Level 1:colcon.colcon_core.environment:create_environment_scripts_only(cpp_pubsub)
[1.672s] Level 1:colcon.colcon_core.environment:checking '/home/michael/ros2_ws/install/cpp_pubsub' for CMake module files
[1.673s] Level 1:colcon.colcon_core.environment:checking '/home/michael/ros2_ws/install/cpp_pubsub' for CMake config files
[1.673s] Level 1:colcon.colcon_core.shell:create_environment_hook('cpp_pubsub', 'cmake_prefix_path')
[1.687s] INFO:colcon.colcon_core.shell:Creating environment hook '/home/michael/ros2_ws/install/cpp_pubsub/share/cpp_pubsub/hook/cmake_prefix_path.ps1'
[1.687s] INFO:colcon.colcon_core.shell:Creating environment descriptor '/home/michael/ros2_ws/install/cpp_pubsub/share/cpp_pubsub/hook/cmake_prefix_path.dsv'
[1.688s] INFO:colcon.colcon_core.shell:Creating environment hook '/home/michael/ros2_ws/install/cpp_pubsub/share/cpp_pubsub/hook/cmake_prefix_path.sh'
[1.688s] Level 1:colcon.colcon_core.environment:checking '/home/michael/ros2_ws/install/cpp_pubsub/lib'
[1.688s] Level 1:colcon.colcon_core.environment:checking '/home/michael/ros2_ws/install/cpp_pubsub/bin'
[1.688s] Level 1:colcon.colcon_core.environment:checking '/home/michael/ros2_ws/install/cpp_pubsub/lib/pkgconfig/cpp_pubsub.pc'
[1.689s] Level 1:colcon.colcon_core.environment:checking '/home/michael/ros2_ws/install/cpp_pubsub/lib/python3.10/site-packages'
[1.689s] Level 1:colcon.colcon_core.environment:checking '/home/michael/ros2_ws/install/cpp_pubsub/bin'
[1.703s] INFO:colcon.colcon_core.shell:Creating package script '/home/michael/ros2_ws/install/cpp_pubsub/share/cpp_pubsub/package.ps1'
[1.704s] INFO:colcon.colcon_core.shell:Creating package descriptor '/home/michael/ros2_ws/install/cpp_pubsub/share/cpp_pubsub/package.dsv'
[1.704s] INFO:colcon.colcon_core.shell:Creating package script '/home/michael/ros2_ws/install/cpp_pubsub/share/cpp_pubsub/package.sh'
[1.705s] INFO:colcon.colcon_core.shell:Creating package script '/home/michael/ros2_ws/install/cpp_pubsub/share/cpp_pubsub/package.bash'
[1.705s] INFO:colcon.colcon_core.shell:Creating package script '/home/michael/ros2_ws/install/cpp_pubsub/share/cpp_pubsub/package.zsh'
[1.706s] Level 1:colcon.colcon_core.environment:create_file_with_runtime_dependencies(/home/michael/ros2_ws/install/cpp_pubsub/share/colcon-core/packages/cpp_pubsub)
[1.707s] Level 1:colcon.colcon_core.environment:create_environment_scripts_only(sllidar_ros2)
[1.707s] DEBUG:colcon.colcon_core.event_handler.log_command:Invoked command in '/home/michael/ros2_ws/build/sllidar_ros2' returned '0': CMAKE_PREFIX_PATH=${CMAKE_PREFIX_PATH}:/opt/ros/humble /usr/bin/cmake --install /home/michael/ros2_ws/build/sllidar_ros2
[1.723s] Level 1:colcon.colcon_core.environment:checking '/home/michael/ros2_ws/install/sllidar_ros2' for CMake module files
[1.723s] Level 1:colcon.colcon_core.environment:checking '/home/michael/ros2_ws/install/sllidar_ros2' for CMake config files
[1.723s] Level 1:colcon.colcon_core.shell:create_environment_hook('sllidar_ros2', 'cmake_prefix_path')
[1.738s] INFO:colcon.colcon_core.shell:Creating environment hook '/home/michael/ros2_ws/install/sllidar_ros2/share/sllidar_ros2/hook/cmake_prefix_path.ps1'
[1.739s] INFO:colcon.colcon_core.shell:Creating environment descriptor '/home/michael/ros2_ws/install/sllidar_ros2/share/sllidar_ros2/hook/cmake_prefix_path.dsv'
[1.739s] INFO:colcon.colcon_core.shell:Creating environment hook '/home/michael/ros2_ws/install/sllidar_ros2/share/sllidar_ros2/hook/cmake_prefix_path.sh'
[1.740s] Level 1:colcon.colcon_core.environment:checking '/home/michael/ros2_ws/install/sllidar_ros2/lib'
[1.740s] Level 1:colcon.colcon_core.environment:checking '/home/michael/ros2_ws/install/sllidar_ros2/bin'
[1.740s] Level 1:colcon.colcon_core.environment:checking '/home/michael/ros2_ws/install/sllidar_ros2/lib/pkgconfig/sllidar_ros2.pc'
[1.740s] Level 1:colcon.colcon_core.environment:checking '/home/michael/ros2_ws/install/sllidar_ros2/lib/python3.10/site-packages'
[1.740s] Level 1:colcon.colcon_core.environment:checking '/home/michael/ros2_ws/install/sllidar_ros2/bin'
[1.755s] INFO:colcon.colcon_core.shell:Creating package script '/home/michael/ros2_ws/install/sllidar_ros2/share/sllidar_ros2/package.ps1'
[1.756s] INFO:colcon.colcon_core.shell:Creating package descriptor '/home/michael/ros2_ws/install/sllidar_ros2/share/sllidar_ros2/package.dsv'
[1.756s] INFO:colcon.colcon_core.shell:Creating package script '/home/michael/ros2_ws/install/sllidar_ros2/share/sllidar_ros2/package.sh'
[1.757s] INFO:colcon.colcon_core.shell:Creating package script '/home/michael/ros2_ws/install/sllidar_ros2/share/sllidar_ros2/package.bash'
[1.757s] INFO:colcon.colcon_core.shell:Creating package script '/home/michael/ros2_ws/install/sllidar_ros2/share/sllidar_ros2/package.zsh'
[1.757s] Level 1:colcon.colcon_core.environment:create_file_with_runtime_dependencies(/home/michael/ros2_ws/install/sllidar_ros2/share/colcon-core/packages/sllidar_ros2)
[1.824s] Level 1:colcon.colcon_core.environment:create_environment_scripts_only(sllidar_ros2)
[1.838s] Level 1:colcon.colcon_core.environment:checking '/home/michael/ros2_ws/install/sllidar_ros2' for CMake module files
[1.839s] Level 1:colcon.colcon_core.environment:checking '/home/michael/ros2_ws/install/sllidar_ros2' for CMake config files
[1.839s] Level 1:colcon.colcon_core.shell:create_environment_hook('sllidar_ros2', 'cmake_prefix_path')
[1.854s] INFO:colcon.colcon_core.shell:Creating environment hook '/home/michael/ros2_ws/install/sllidar_ros2/share/sllidar_ros2/hook/cmake_prefix_path.ps1'
[1.854s] INFO:colcon.colcon_core.shell:Creating environment descriptor '/home/michael/ros2_ws/install/sllidar_ros2/share/sllidar_ros2/hook/cmake_prefix_path.dsv'
[1.855s] INFO:colcon.colcon_core.shell:Creating environment hook '/home/michael/ros2_ws/install/sllidar_ros2/share/sllidar_ros2/hook/cmake_prefix_path.sh'
[1.855s] Level 1:colcon.colcon_core.environment:checking '/home/michael/ros2_ws/install/sllidar_ros2/lib'
[1.855s] Level 1:colcon.colcon_core.environment:checking '/home/michael/ros2_ws/install/sllidar_ros2/bin'
[1.855s] Level 1:colcon.colcon_core.environment:checking '/home/michael/ros2_ws/install/sllidar_ros2/lib/pkgconfig/sllidar_ros2.pc'
[1.856s] Level 1:colcon.colcon_core.environment:checking '/home/michael/ros2_ws/install/sllidar_ros2/lib/python3.10/site-packages'
[1.856s] Level 1:colcon.colcon_core.environment:checking '/home/michael/ros2_ws/install/sllidar_ros2/bin'
[1.871s] INFO:colcon.colcon_core.shell:Creating package script '/home/michael/ros2_ws/install/sllidar_ros2/share/sllidar_ros2/package.ps1'
[1.871s] INFO:colcon.colcon_core.shell:Creating package descriptor '/home/michael/ros2_ws/install/sllidar_ros2/share/sllidar_ros2/package.dsv'
[1.872s] INFO:colcon.colcon_core.shell:Creating package script '/home/michael/ros2_ws/install/sllidar_ros2/share/sllidar_ros2/package.sh'
[1.872s] INFO:colcon.colcon_core.shell:Creating package script '/home/michael/ros2_ws/install/sllidar_ros2/share/sllidar_ros2/package.bash'
[1.873s] INFO:colcon.colcon_core.shell:Creating package script '/home/michael/ros2_ws/install/sllidar_ros2/share/sllidar_ros2/package.zsh'
[1.873s] Level 1:colcon.colcon_core.environment:create_file_with_runtime_dependencies(/home/michael/ros2_ws/install/sllidar_ros2/share/colcon-core/packages/sllidar_ros2)
[9.282s] DEBUG:colcon.colcon_core.event_handler.log_command:Invoked command in '/home/michael/ros2_ws/build/data' returned '0': CMAKE_PREFIX_PATH=${CMAKE_PREFIX_PATH}:/opt/ros/humble /usr/bin/cmake --build /home/michael/ros2_ws/build/data -- -j4 -l4
[9.306s] DEBUG:colcon.colcon_core.event_handler.log_command:Invoking command in '/home/michael/ros2_ws/build/data': CMAKE_PREFIX_PATH=${CMAKE_PREFIX_PATH}:/opt/ros/humble /usr/bin/cmake --install /home/michael/ros2_ws/build/data
[9.321s] Level 1:colcon.colcon_core.environment:create_environment_scripts_only(data)
[9.322s] DEBUG:colcon.colcon_core.event_handler.log_command:Invoked command in '/home/michael/ros2_ws/build/data' returned '0': CMAKE_PREFIX_PATH=${CMAKE_PREFIX_PATH}:/opt/ros/humble /usr/bin/cmake --install /home/michael/ros2_ws/build/data
[9.336s] Level 1:colcon.colcon_core.environment:checking '/home/michael/ros2_ws/install/data' for CMake module files
[9.337s] Level 1:colcon.colcon_core.environment:checking '/home/michael/ros2_ws/install/data' for CMake config files
[9.337s] Level 1:colcon.colcon_core.shell:create_environment_hook('data', 'cmake_prefix_path')
[9.350s] INFO:colcon.colcon_core.shell:Creating environment hook '/home/michael/ros2_ws/install/data/share/data/hook/cmake_prefix_path.ps1'
[9.351s] INFO:colcon.colcon_core.shell:Creating environment descriptor '/home/michael/ros2_ws/install/data/share/data/hook/cmake_prefix_path.dsv'
[9.351s] INFO:colcon.colcon_core.shell:Creating environment hook '/home/michael/ros2_ws/install/data/share/data/hook/cmake_prefix_path.sh'
[9.352s] Level 1:colcon.colcon_core.environment:checking '/home/michael/ros2_ws/install/data/lib'
[9.352s] Level 1:colcon.colcon_core.environment:checking '/home/michael/ros2_ws/install/data/bin'
[9.352s] Level 1:colcon.colcon_core.environment:checking '/home/michael/ros2_ws/install/data/lib/pkgconfig/data.pc'
[9.352s] Level 1:colcon.colcon_core.environment:checking '/home/michael/ros2_ws/install/data/lib/python3.10/site-packages'
[9.352s] Level 1:colcon.colcon_core.environment:checking '/home/michael/ros2_ws/install/data/bin'
[9.366s] INFO:colcon.colcon_core.shell:Creating package script '/home/michael/ros2_ws/install/data/share/data/package.ps1'
[9.367s] INFO:colcon.colcon_core.shell:Creating package descriptor '/home/michael/ros2_ws/install/data/share/data/package.dsv'
[9.367s] INFO:colcon.colcon_core.shell:Creating package script '/home/michael/ros2_ws/install/data/share/data/package.sh'
[9.367s] INFO:colcon.colcon_core.shell:Creating package script '/home/michael/ros2_ws/install/data/share/data/package.bash'
[9.368s] INFO:colcon.colcon_core.shell:Creating package script '/home/michael/ros2_ws/install/data/share/data/package.zsh'
[9.368s] Level 1:colcon.colcon_core.environment:create_file_with_runtime_dependencies(/home/michael/ros2_ws/install/data/share/colcon-core/packages/data)
[9.400s] Level 1:colcon.colcon_core.environment:create_environment_scripts_only(data)
[9.414s] Level 1:colcon.colcon_core.environment:checking '/home/michael/ros2_ws/install/data' for CMake module files
[9.414s] Level 1:colcon.colcon_core.environment:checking '/home/michael/ros2_ws/install/data' for CMake config files
[9.414s] Level 1:colcon.colcon_core.shell:create_environment_hook('data', 'cmake_prefix_path')
[9.427s] INFO:colcon.colcon_core.shell:Creating environment hook '/home/michael/ros2_ws/install/data/share/data/hook/cmake_prefix_path.ps1'
[9.428s] INFO:colcon.colcon_core.shell:Creating environment descriptor '/home/michael/ros2_ws/install/data/share/data/hook/cmake_prefix_path.dsv'
[9.428s] INFO:colcon.colcon_core.shell:Creating environment hook '/home/michael/ros2_ws/install/data/share/data/hook/cmake_prefix_path.sh'
[9.429s] Level 1:colcon.colcon_core.environment:checking '/home/michael/ros2_ws/install/data/lib'
[9.429s] Level 1:colcon.colcon_core.environment:checking '/home/michael/ros2_ws/install/data/bin'
[9.429s] Level 1:colcon.colcon_core.environment:checking '/home/michael/ros2_ws/install/data/lib/pkgconfig/data.pc'
[9.429s] Level 1:colcon.colcon_core.environment:checking '/home/michael/ros2_ws/install/data/lib/python3.10/site-packages'
[9.429s] Level 1:colcon.colcon_core.environment:checking '/home/michael/ros2_ws/install/data/bin'
[9.443s] INFO:colcon.colcon_core.shell:Creating package script '/home/michael/ros2_ws/install/data/share/data/package.ps1'
[9.443s] INFO:colcon.colcon_core.shell:Creating package descriptor '/home/michael/ros2_ws/install/data/share/data/package.dsv'
[9.444s] INFO:colcon.colcon_core.shell:Creating package script '/home/michael/ros2_ws/install/data/share/data/package.sh'
[9.444s] INFO:colcon.colcon_core.shell:Creating package script '/home/michael/ros2_ws/install/data/share/data/package.bash'
[9.444s] INFO:colcon.colcon_core.shell:Creating package script '/home/michael/ros2_ws/install/data/share/data/package.zsh'
[9.445s] Level 1:colcon.colcon_core.environment:create_file_with_runtime_dependencies(/home/michael/ros2_ws/install/data/share/colcon-core/packages/data)
[9.445s] DEBUG:colcon.colcon_parallel_executor.executor.parallel:closing loop
[9.445s] DEBUG:colcon.colcon_parallel_executor.executor.parallel:loop closed
[9.445s] DEBUG:colcon.colcon_parallel_executor.executor.parallel:run_until_complete finished with '0'
[9.445s] DEBUG:colcon.colcon_core.event_reactor:joining thread
[9.464s] INFO:colcon.colcon_core.plugin_system:Skipping extension 'colcon_notification.desktop_notification.terminal_notifier': Not used on non-Darwin systems
[9.464s] INFO:colcon.colcon_core.plugin_system:Skipping extension 'colcon_notification.desktop_notification.win32': Not used on non-Windows systems
[9.464s] INFO:colcon.colcon_notification.desktop_notification:Sending desktop notification using 'notify2'
[9.473s] DEBUG:colcon.colcon_core.event_reactor:joined thread
[9.487s] INFO:colcon.colcon_core.shell:Creating prefix script '/home/michael/ros2_ws/install/local_setup.ps1'
[9.488s] INFO:colcon.colcon_core.shell:Creating prefix util module '/home/michael/ros2_ws/install/_local_setup_util_ps1.py'
[9.489s] INFO:colcon.colcon_core.shell:Creating prefix chain script '/home/michael/ros2_ws/install/setup.ps1'
[9.503s] INFO:colcon.colcon_core.shell:Creating prefix script '/home/michael/ros2_ws/install/local_setup.sh'
[9.504s] INFO:colcon.colcon_core.shell:Creating prefix util module '/home/michael/ros2_ws/install/_local_setup_util_sh.py'
[9.504s] INFO:colcon.colcon_core.shell:Creating prefix chain script '/home/michael/ros2_ws/install/setup.sh'
[9.519s] INFO:colcon.colcon_core.shell:Creating prefix script '/home/michael/ros2_ws/install/local_setup.bash'
[9.519s] INFO:colcon.colcon_core.shell:Creating prefix chain script '/home/michael/ros2_ws/install/setup.bash'
[9.534s] INFO:colcon.colcon_core.shell:Creating prefix script '/home/michael/ros2_ws/install/local_setup.zsh'
[9.534s] INFO:colcon.colcon_core.shell:Creating prefix chain script '/home/michael/ros2_ws/install/setup.zsh'
