[ 50%] [32mBuilding CXX object CMakeFiles/talker.dir/src/scan_data.cpp.o[0m
[100%] [32m[1mLinking CXX executable talker[0m
[100%] Built target talker
-- Install configuration: ""
-- Installing: /home/michael/ros2_ws/install/scanner/lib/scanner/talker
-- Set runtime path of "/home/michael/ros2_ws/install/scanner/lib/scanner/talker" to ""
-- Up-to-date: /home/michael/ros2_ws/install/scanner/share/ament_index/resource_index/package_run_dependencies/scanner
-- Up-to-date: /home/michael/ros2_ws/install/scanner/share/ament_index/resource_index/parent_prefix_path/scanner
-- Up-to-date: /home/michael/ros2_ws/install/scanner/share/scanner/environment/ament_prefix_path.sh
-- Up-to-date: /home/michael/ros2_ws/install/scanner/share/scanner/environment/ament_prefix_path.dsv
-- Up-to-date: /home/michael/ros2_ws/install/scanner/share/scanner/environment/path.sh
-- Up-to-date: /home/michael/ros2_ws/install/scanner/share/scanner/environment/path.dsv
-- Up-to-date: /home/michael/ros2_ws/install/scanner/share/scanner/local_setup.bash
-- Up-to-date: /home/michael/ros2_ws/install/scanner/share/scanner/local_setup.sh
-- Up-to-date: /home/michael/ros2_ws/install/scanner/share/scanner/local_setup.zsh
-- Up-to-date: /home/michael/ros2_ws/install/scanner/share/scanner/local_setup.dsv
-- Up-to-date: /home/michael/ros2_ws/install/scanner/share/scanner/package.dsv
-- Up-to-date: /home/michael/ros2_ws/install/scanner/share/ament_index/resource_index/packages/scanner
-- Up-to-date: /home/michael/ros2_ws/install/scanner/share/scanner/cmake/scannerConfig.cmake
-- Up-to-date: /home/michael/ros2_ws/install/scanner/share/scanner/cmake/scannerConfig-version.cmake
-- Up-to-date: /home/michael/ros2_ws/install/scanner/share/scanner/package.xml
