[0.176s] Invoking command in '/home/michael/ros2_ws/build/cpp_pubsub': CMAKE_PREFIX_PATH=${CMAKE_PREFIX_PATH}:/opt/ros/humble /usr/bin/cmake --build /home/michael/ros2_ws/build/cpp_pubsub -- -j4 -l4
[0.273s] [35m[1mConsolidate compiler generated dependencies of target talker[0m
[0.314s] [ 50%] [32mBuilding CXX object CMakeFiles/talker.dir/src/publisher_member_function.cpp.o[0m
[7.584s] [100%] [32m[1mLinking CXX executable talker[0m
[8.004s] [100%] Built target talker
[8.019s] Invoked command in '/home/michael/ros2_ws/build/cpp_pubsub' returned '0': CMAKE_PREFIX_PATH=${CMAKE_PREFIX_PATH}:/opt/ros/humble /usr/bin/cmake --build /home/michael/ros2_ws/build/cpp_pubsub -- -j4 -l4
[8.052s] Invoking command in '/home/michael/ros2_ws/build/cpp_pubsub': CMAKE_PREFIX_PATH=${CMAKE_PREFIX_PATH}:/opt/ros/humble /usr/bin/cmake --install /home/michael/ros2_ws/build/cpp_pubsub
[8.060s] -- Install configuration: ""
[8.061s] -- Installing: /home/michael/ros2_ws/install/cpp_pubsub/lib/cpp_pubsub/talker
[8.071s] -- Set runtime path of "/home/michael/ros2_ws/install/cpp_pubsub/lib/cpp_pubsub/talker" to ""
[8.072s] -- Up-to-date: /home/michael/ros2_ws/install/cpp_pubsub/share/ament_index/resource_index/package_run_dependencies/cpp_pubsub
[8.072s] -- Up-to-date: /home/michael/ros2_ws/install/cpp_pubsub/share/ament_index/resource_index/parent_prefix_path/cpp_pubsub
[8.072s] -- Up-to-date: /home/michael/ros2_ws/install/cpp_pubsub/share/cpp_pubsub/environment/ament_prefix_path.sh
[8.072s] -- Up-to-date: /home/michael/ros2_ws/install/cpp_pubsub/share/cpp_pubsub/environment/ament_prefix_path.dsv
[8.072s] -- Up-to-date: /home/michael/ros2_ws/install/cpp_pubsub/share/cpp_pubsub/environment/path.sh
[8.072s] -- Up-to-date: /home/michael/ros2_ws/install/cpp_pubsub/share/cpp_pubsub/environment/path.dsv
[8.072s] -- Up-to-date: /home/michael/ros2_ws/install/cpp_pubsub/share/cpp_pubsub/local_setup.bash
[8.072s] -- Up-to-date: /home/michael/ros2_ws/install/cpp_pubsub/share/cpp_pubsub/local_setup.sh
[8.072s] -- Up-to-date: /home/michael/ros2_ws/install/cpp_pubsub/share/cpp_pubsub/local_setup.zsh
[8.073s] -- Up-to-date: /home/michael/ros2_ws/install/cpp_pubsub/share/cpp_pubsub/local_setup.dsv
[8.073s] -- Installing: /home/michael/ros2_ws/install/cpp_pubsub/share/cpp_pubsub/package.dsv
[8.073s] -- Up-to-date: /home/michael/ros2_ws/install/cpp_pubsub/share/ament_index/resource_index/packages/cpp_pubsub
[8.073s] -- Up-to-date: /home/michael/ros2_ws/install/cpp_pubsub/share/cpp_pubsub/cmake/cpp_pubsubConfig.cmake
[8.073s] -- Up-to-date: /home/michael/ros2_ws/install/cpp_pubsub/share/cpp_pubsub/cmake/cpp_pubsubConfig-version.cmake
[8.073s] -- Up-to-date: /home/michael/ros2_ws/install/cpp_pubsub/share/cpp_pubsub/package.xml
[8.075s] Invoked command in '/home/michael/ros2_ws/build/cpp_pubsub' returned '0': CMAKE_PREFIX_PATH=${CMAKE_PREFIX_PATH}:/opt/ros/humble /usr/bin/cmake --install /home/michael/ros2_ws/build/cpp_pubsub
