[0.072s] Invoking command in '/home/michael/ros2_ws/build/cpp_pubsub': CMAKE_PREFIX_PATH=${CMAKE_PREFIX_PATH}:/opt/ros/humble /usr/bin/cmake /home/michael/ros2_ws/src/cpp_pubsub -DCMAKE_INSTALL_PREFIX=/home/michael/ros2_ws/install/cpp_pubsub
[0.122s] -- The C compiler identification is GNU 11.4.0
[0.174s] -- The CXX compiler identification is GNU 11.4.0
[0.180s] -- Detecting C compiler ABI info
[0.250s] -- Detecting C compiler ABI info - done
[0.260s] -- Check for working C compiler: /usr/bin/cc - skipped
[0.260s] -- Detecting C compile features
[0.261s] -- Detecting C compile features - done
[0.264s] -- Detecting CXX compiler ABI info
[0.364s] -- Detecting CXX compiler ABI info - done
[0.372s] -- Check for working CXX compiler: /usr/bin/c++ - skipped
[0.372s] -- Detecting CXX compile features
[0.375s] -- Detecting CXX compile features - done
[0.377s] -- Found ament_cmake: 1.3.8 (/opt/ros/humble/share/ament_cmake/cmake)
[0.568s] -- Found Python3: /usr/bin/python3 (found version "3.10.12") found components: Interpreter 
[0.669s] -- Found rclcpp: 16.0.8 (/opt/ros/humble/share/rclcpp/cmake)
[0.716s] -- Found rosidl_generator_c: 3.1.5 (/opt/ros/humble/share/rosidl_generator_c/cmake)
[0.721s] -- Found rosidl_adapter: 3.1.5 (/opt/ros/humble/share/rosidl_adapter/cmake)
[0.730s] -- Found rosidl_generator_cpp: 3.1.5 (/opt/ros/humble/share/rosidl_generator_cpp/cmake)
[0.745s] -- Using all available rosidl_typesupport_c: rosidl_typesupport_fastrtps_c;rosidl_typesupport_introspection_c
[0.767s] -- Using all available rosidl_typesupport_cpp: rosidl_typesupport_fastrtps_cpp;rosidl_typesupport_introspection_cpp
[0.838s] -- Found rmw_implementation_cmake: 6.1.1 (/opt/ros/humble/share/rmw_implementation_cmake/cmake)
[0.840s] -- Found rmw_fastrtps_cpp: 6.2.6 (/opt/ros/humble/share/rmw_fastrtps_cpp/cmake)
[0.938s] -- Found OpenSSL: /usr/lib/x86_64-linux-gnu/libcrypto.so (found version "3.0.2")  
[0.963s] -- Found FastRTPS: /opt/ros/humble/include  
[1.010s] -- Using RMW implementation 'rmw_fastrtps_cpp' as default
[1.019s] -- Looking for pthread.h
[1.098s] -- Looking for pthread.h - found
[1.098s] -- Performing Test CMAKE_HAVE_LIBC_PTHREAD
[1.185s] -- Performing Test CMAKE_HAVE_LIBC_PTHREAD - Success
[1.187s] -- Found Threads: TRUE  
[1.398s] -- Found ament_lint_auto: 0.12.10 (/opt/ros/humble/share/ament_lint_auto/cmake)
[1.496s] -- Added test 'cppcheck' to perform static code analysis on C / C++ code
[1.497s] -- Configured cppcheck include dirs: 
[1.497s] -- Configured cppcheck exclude dirs and/or files: 
[1.498s] -- Added test 'lint_cmake' to check CMake code style
[1.499s] -- Added test 'uncrustify' to check C / C++ code style
[1.499s] -- Configured uncrustify additional arguments: 
[1.500s] -- Added test 'xmllint' to check XML markup files
[1.501s] -- Configuring done
[1.510s] -- Generating done
[1.512s] -- Build files have been written to: /home/michael/ros2_ws/build/cpp_pubsub
[1.520s] Invoked command in '/home/michael/ros2_ws/build/cpp_pubsub' returned '0': CMAKE_PREFIX_PATH=${CMAKE_PREFIX_PATH}:/opt/ros/humble /usr/bin/cmake /home/michael/ros2_ws/src/cpp_pubsub -DCMAKE_INSTALL_PREFIX=/home/michael/ros2_ws/install/cpp_pubsub
[1.523s] Invoking command in '/home/michael/ros2_ws/build/cpp_pubsub': CMAKE_PREFIX_PATH=${CMAKE_PREFIX_PATH}:/opt/ros/humble /usr/bin/cmake --build /home/michael/ros2_ws/build/cpp_pubsub -- -j4 -l4
[1.568s] [ 50%] [32mBuilding CXX object CMakeFiles/talker.dir/src/publisher_member_function.cpp.o[0m
[6.163s] [100%] [32m[1mLinking CXX executable talker[0m
[6.375s] [100%] Built target talker
[6.387s] Invoked command in '/home/michael/ros2_ws/build/cpp_pubsub' returned '0': CMAKE_PREFIX_PATH=${CMAKE_PREFIX_PATH}:/opt/ros/humble /usr/bin/cmake --build /home/michael/ros2_ws/build/cpp_pubsub -- -j4 -l4
[6.424s] Invoking command in '/home/michael/ros2_ws/build/cpp_pubsub': CMAKE_PREFIX_PATH=${CMAKE_PREFIX_PATH}:/opt/ros/humble /usr/bin/cmake --install /home/michael/ros2_ws/build/cpp_pubsub
[6.433s] -- Install configuration: ""
[6.433s] -- Installing: /home/michael/ros2_ws/install/cpp_pubsub/lib/cpp_pubsub/talker
[6.434s] -- Set runtime path of "/home/michael/ros2_ws/install/cpp_pubsub/lib/cpp_pubsub/talker" to ""
[6.434s] -- Installing: /home/michael/ros2_ws/install/cpp_pubsub/share/ament_index/resource_index/package_run_dependencies/cpp_pubsub
[6.434s] -- Installing: /home/michael/ros2_ws/install/cpp_pubsub/share/ament_index/resource_index/parent_prefix_path/cpp_pubsub
[6.434s] -- Installing: /home/michael/ros2_ws/install/cpp_pubsub/share/cpp_pubsub/environment/ament_prefix_path.sh
[6.435s] -- Installing: /home/michael/ros2_ws/install/cpp_pubsub/share/cpp_pubsub/environment/ament_prefix_path.dsv
[6.435s] -- Installing: /home/michael/ros2_ws/install/cpp_pubsub/share/cpp_pubsub/environment/path.sh
[6.435s] -- Installing: /home/michael/ros2_ws/install/cpp_pubsub/share/cpp_pubsub/environment/path.dsv
[6.435s] -- Installing: /home/michael/ros2_ws/install/cpp_pubsub/share/cpp_pubsub/local_setup.bash
[6.435s] -- Installing: /home/michael/ros2_ws/install/cpp_pubsub/share/cpp_pubsub/local_setup.sh
[6.435s] -- Installing: /home/michael/ros2_ws/install/cpp_pubsub/share/cpp_pubsub/local_setup.zsh
[6.435s] -- Installing: /home/michael/ros2_ws/install/cpp_pubsub/share/cpp_pubsub/local_setup.dsv
[6.435s] -- Installing: /home/michael/ros2_ws/install/cpp_pubsub/share/cpp_pubsub/package.dsv
[6.436s] -- Installing: /home/michael/ros2_ws/install/cpp_pubsub/share/ament_index/resource_index/packages/cpp_pubsub
[6.436s] -- Installing: /home/michael/ros2_ws/install/cpp_pubsub/share/cpp_pubsub/cmake/cpp_pubsubConfig.cmake
[6.436s] -- Installing: /home/michael/ros2_ws/install/cpp_pubsub/share/cpp_pubsub/cmake/cpp_pubsubConfig-version.cmake
[6.436s] -- Installing: /home/michael/ros2_ws/install/cpp_pubsub/share/cpp_pubsub/package.xml
[6.438s] Invoked command in '/home/michael/ros2_ws/build/cpp_pubsub' returned '0': CMAKE_PREFIX_PATH=${CMAKE_PREFIX_PATH}:/opt/ros/humble /usr/bin/cmake --install /home/michael/ros2_ws/build/cpp_pubsub
