[0.128s] Invoking command in '/home/michael/ros2_ws/build/scanner': CMAKE_PREFIX_PATH=${CMAKE_PREFIX_PATH}:/opt/ros/humble /usr/bin/cmake --build /home/michael/ros2_ws/build/scanner -- -j4 -l4
[0.149s] -- Found ament_cmake: 1.3.8 (/opt/ros/humble/share/ament_cmake/cmake)
[0.293s] -- Found rclcpp: 16.0.8 (/opt/ros/humble/share/rclcpp/cmake)
[0.333s] -- Found rosidl_generator_c: 3.1.5 (/opt/ros/humble/share/rosidl_generator_c/cmake)
[0.337s] -- Found rosidl_adapter: 3.1.5 (/opt/ros/humble/share/rosidl_adapter/cmake)
[0.346s] -- Found rosidl_generator_cpp: 3.1.5 (/opt/ros/humble/share/rosidl_generator_cpp/cmake)
[0.359s] -- Using all available rosidl_typesupport_c: rosidl_typesupport_fastrtps_c;rosidl_typesupport_introspection_c
[0.380s] -- Using all available rosidl_typesupport_cpp: rosidl_typesupport_fastrtps_cpp;rosidl_typesupport_introspection_cpp
[0.453s] -- Found rmw_implementation_cmake: 6.1.1 (/opt/ros/humble/share/rmw_implementation_cmake/cmake)
[0.456s] -- Found rmw_fastrtps_cpp: 6.2.6 (/opt/ros/humble/share/rmw_fastrtps_cpp/cmake)
[0.548s] -- Found OpenSSL: /usr/lib/x86_64-linux-gnu/libcrypto.so (found version "3.0.2")  
[0.571s] -- Found FastRTPS: /opt/ros/humble/include  
[0.611s] -- Using RMW implementation 'rmw_fastrtps_cpp' as default
[0.618s] -- Looking for pthread.h
[0.684s] -- Looking for pthread.h - found
[0.685s] -- Performing Test CMAKE_HAVE_LIBC_PTHREAD
[0.755s] -- Performing Test CMAKE_HAVE_LIBC_PTHREAD - Success
[0.756s] -- Found Threads: TRUE  
[0.920s] -- Found ament_lint_auto: 0.12.10 (/opt/ros/humble/share/ament_lint_auto/cmake)
[0.987s] -- Added test 'cppcheck' to perform static code analysis on C / C++ code
[0.987s] -- Configured cppcheck include dirs: 
[0.987s] -- Configured cppcheck exclude dirs and/or files: 
[0.988s] -- Added test 'lint_cmake' to check CMake code style
[0.989s] -- Added test 'uncrustify' to check C / C++ code style
[0.989s] -- Configured uncrustify additional arguments: 
[0.989s] -- Added test 'xmllint' to check XML markup files
[0.990s] -- Configuring done
[0.998s] -- Generating done
[1.000s] -- Build files have been written to: /home/michael/ros2_ws/build/scanner
[1.033s] [ 50%] [32mBuilding CXX object CMakeFiles/talker.dir/src/scan_data.cpp.o[0m
[8.733s] [100%] [32m[1mLinking CXX executable talker[0m
[9.179s] [100%] Built target talker
[9.189s] Invoked command in '/home/michael/ros2_ws/build/scanner' returned '0': CMAKE_PREFIX_PATH=${CMAKE_PREFIX_PATH}:/opt/ros/humble /usr/bin/cmake --build /home/michael/ros2_ws/build/scanner -- -j4 -l4
[9.215s] Invoking command in '/home/michael/ros2_ws/build/scanner': CMAKE_PREFIX_PATH=${CMAKE_PREFIX_PATH}:/opt/ros/humble /usr/bin/cmake --install /home/michael/ros2_ws/build/scanner
[9.222s] -- Install configuration: ""
[9.222s] -- Installing: /home/michael/ros2_ws/install/scanner/lib/scanner/talker
[9.225s] -- Set runtime path of "/home/michael/ros2_ws/install/scanner/lib/scanner/talker" to ""
[9.225s] -- Up-to-date: /home/michael/ros2_ws/install/scanner/share/ament_index/resource_index/package_run_dependencies/scanner
[9.225s] -- Up-to-date: /home/michael/ros2_ws/install/scanner/share/ament_index/resource_index/parent_prefix_path/scanner
[9.226s] -- Up-to-date: /home/michael/ros2_ws/install/scanner/share/scanner/environment/ament_prefix_path.sh
[9.226s] -- Installing: /home/michael/ros2_ws/install/scanner/share/scanner/environment/ament_prefix_path.dsv
[9.226s] -- Up-to-date: /home/michael/ros2_ws/install/scanner/share/scanner/environment/path.sh
[9.226s] -- Installing: /home/michael/ros2_ws/install/scanner/share/scanner/environment/path.dsv
[9.226s] -- Up-to-date: /home/michael/ros2_ws/install/scanner/share/scanner/local_setup.bash
[9.226s] -- Up-to-date: /home/michael/ros2_ws/install/scanner/share/scanner/local_setup.sh
[9.226s] -- Up-to-date: /home/michael/ros2_ws/install/scanner/share/scanner/local_setup.zsh
[9.227s] -- Installing: /home/michael/ros2_ws/install/scanner/share/scanner/local_setup.dsv
[9.227s] -- Installing: /home/michael/ros2_ws/install/scanner/share/scanner/package.dsv
[9.227s] -- Up-to-date: /home/michael/ros2_ws/install/scanner/share/ament_index/resource_index/packages/scanner
[9.227s] -- Up-to-date: /home/michael/ros2_ws/install/scanner/share/scanner/cmake/scannerConfig.cmake
[9.227s] -- Up-to-date: /home/michael/ros2_ws/install/scanner/share/scanner/cmake/scannerConfig-version.cmake
[9.227s] -- Up-to-date: /home/michael/ros2_ws/install/scanner/share/scanner/package.xml
[9.229s] Invoked command in '/home/michael/ros2_ws/build/scanner' returned '0': CMAKE_PREFIX_PATH=${CMAKE_PREFIX_PATH}:/opt/ros/humble /usr/bin/cmake --install /home/michael/ros2_ws/build/scanner
