[0.129s] Invoking command in '/home/michael/ros2_ws/build/scanner': CMAKE_PREFIX_PATH=${CMAKE_PREFIX_PATH}:/opt/ros/humble /usr/bin/cmake --build /home/michael/ros2_ws/build/scanner -- -j4 -l4
[0.165s] Invoked command in '/home/michael/ros2_ws/build/scanner' returned '0': CMAKE_PREFIX_PATH=${CMAKE_PREFIX_PATH}:/opt/ros/humble /usr/bin/cmake --build /home/michael/ros2_ws/build/scanner -- -j4 -l4
[0.194s] Invoking command in '/home/michael/ros2_ws/build/scanner': CMAKE_PREFIX_PATH=${CMAKE_PREFIX_PATH}:/opt/ros/humble /usr/bin/cmake --install /home/michael/ros2_ws/build/scanner
[0.201s] -- Install configuration: ""
[0.202s] -- Up-to-date: /home/michael/ros2_ws/install/scanner/share/ament_index/resource_index/package_run_dependencies/scanner
[0.202s] -- Up-to-date: /home/michael/ros2_ws/install/scanner/share/ament_index/resource_index/parent_prefix_path/scanner
[0.202s] -- Up-to-date: /home/michael/ros2_ws/install/scanner/share/scanner/environment/ament_prefix_path.sh
[0.202s] -- Up-to-date: /home/michael/ros2_ws/install/scanner/share/scanner/environment/ament_prefix_path.dsv
[0.202s] -- Up-to-date: /home/michael/ros2_ws/install/scanner/share/scanner/environment/path.sh
[0.202s] -- Up-to-date: /home/michael/ros2_ws/install/scanner/share/scanner/environment/path.dsv
[0.202s] -- Up-to-date: /home/michael/ros2_ws/install/scanner/share/scanner/local_setup.bash
[0.202s] -- Up-to-date: /home/michael/ros2_ws/install/scanner/share/scanner/local_setup.sh
[0.202s] -- Up-to-date: /home/michael/ros2_ws/install/scanner/share/scanner/local_setup.zsh
[0.202s] -- Up-to-date: /home/michael/ros2_ws/install/scanner/share/scanner/local_setup.dsv
[0.202s] -- Up-to-date: /home/michael/ros2_ws/install/scanner/share/scanner/package.dsv
[0.202s] -- Up-to-date: /home/michael/ros2_ws/install/scanner/share/ament_index/resource_index/packages/scanner
[0.203s] -- Up-to-date: /home/michael/ros2_ws/install/scanner/share/scanner/cmake/scannerConfig.cmake
[0.203s] -- Up-to-date: /home/michael/ros2_ws/install/scanner/share/scanner/cmake/scannerConfig-version.cmake
[0.203s] -- Up-to-date: /home/michael/ros2_ws/install/scanner/share/scanner/package.xml
[0.204s] Invoked command in '/home/michael/ros2_ws/build/scanner' returned '0': CMAKE_PREFIX_PATH=${CMAKE_PREFIX_PATH}:/opt/ros/humble /usr/bin/cmake --install /home/michael/ros2_ws/build/scanner
