[0.123s] Invoking command in '/home/michael/ros2_ws/build/data': CMAKE_PREFIX_PATH=${CMAKE_PREFIX_PATH}:/opt/ros/humble /usr/bin/cmake --build /home/michael/ros2_ws/build/data -- -j4 -l4
[0.144s] -- Found ament_cmake: 1.3.8 (/opt/ros/humble/share/ament_cmake/cmake)
[0.294s] -- Found rclcpp: 16.0.8 (/opt/ros/humble/share/rclcpp/cmake)
[0.347s] -- Found rosidl_generator_c: 3.1.5 (/opt/ros/humble/share/rosidl_generator_c/cmake)
[0.352s] -- Found rosidl_adapter: 3.1.5 (/opt/ros/humble/share/rosidl_adapter/cmake)
[0.363s] -- Found rosidl_generator_cpp: 3.1.5 (/opt/ros/humble/share/rosidl_generator_cpp/cmake)
[0.380s] -- Using all available rosidl_typesupport_c: rosidl_typesupport_fastrtps_c;rosidl_typesupport_introspection_c
[0.403s] -- Using all available rosidl_typesupport_cpp: rosidl_typesupport_fastrtps_cpp;rosidl_typesupport_introspection_cpp
[0.487s] -- Found rmw_implementation_cmake: 6.1.1 (/opt/ros/humble/share/rmw_implementation_cmake/cmake)
[0.491s] -- Found rmw_fastrtps_cpp: 6.2.6 (/opt/ros/humble/share/rmw_fastrtps_cpp/cmake)
[0.581s] -- Found OpenSSL: /usr/lib/x86_64-linux-gnu/libcrypto.so (found version "3.0.2")  
[0.604s] -- Found FastRTPS: /opt/ros/humble/include  
[0.643s] -- Using RMW implementation 'rmw_fastrtps_cpp' as default
[0.653s] -- Looking for pthread.h
[0.716s] -- Looking for pthread.h - found
[0.716s] -- Performing Test CMAKE_HAVE_LIBC_PTHREAD
[0.781s] -- Performing Test CMAKE_HAVE_LIBC_PTHREAD - Success
[0.782s] -- Found Threads: TRUE  
[0.999s] -- Configuring done
[1.005s] -- Generating done
[1.007s] -- Build files have been written to: /home/michael/ros2_ws/build/data
[1.037s] [ 50%] [32mBuilding CXX object CMakeFiles/sub.dir/src/data_sub.cpp.o[0m
[8.254s] [100%] [32m[1mLinking CXX executable sub[0m
[8.593s] [100%] Built target sub
[8.602s] Invoked command in '/home/michael/ros2_ws/build/data' returned '0': CMAKE_PREFIX_PATH=${CMAKE_PREFIX_PATH}:/opt/ros/humble /usr/bin/cmake --build /home/michael/ros2_ws/build/data -- -j4 -l4
[8.623s] Invoking command in '/home/michael/ros2_ws/build/data': CMAKE_PREFIX_PATH=${CMAKE_PREFIX_PATH}:/opt/ros/humble /usr/bin/cmake --install /home/michael/ros2_ws/build/data
[8.630s] -- Install configuration: ""
[8.630s] -- Installing: /home/michael/ros2_ws/install/data/lib/data/sub
[8.633s] -- Set runtime path of "/home/michael/ros2_ws/install/data/lib/data/sub" to ""
[8.633s] -- Up-to-date: /home/michael/ros2_ws/install/data/share/ament_index/resource_index/package_run_dependencies/data
[8.634s] -- Up-to-date: /home/michael/ros2_ws/install/data/share/ament_index/resource_index/parent_prefix_path/data
[8.634s] -- Up-to-date: /home/michael/ros2_ws/install/data/share/data/environment/ament_prefix_path.sh
[8.634s] -- Installing: /home/michael/ros2_ws/install/data/share/data/environment/ament_prefix_path.dsv
[8.634s] -- Up-to-date: /home/michael/ros2_ws/install/data/share/data/environment/path.sh
[8.634s] -- Installing: /home/michael/ros2_ws/install/data/share/data/environment/path.dsv
[8.634s] -- Up-to-date: /home/michael/ros2_ws/install/data/share/data/local_setup.bash
[8.634s] -- Up-to-date: /home/michael/ros2_ws/install/data/share/data/local_setup.sh
[8.635s] -- Up-to-date: /home/michael/ros2_ws/install/data/share/data/local_setup.zsh
[8.635s] -- Installing: /home/michael/ros2_ws/install/data/share/data/local_setup.dsv
[8.635s] -- Installing: /home/michael/ros2_ws/install/data/share/data/package.dsv
[8.635s] -- Up-to-date: /home/michael/ros2_ws/install/data/share/ament_index/resource_index/packages/data
[8.635s] -- Up-to-date: /home/michael/ros2_ws/install/data/share/data/cmake/dataConfig.cmake
[8.635s] -- Up-to-date: /home/michael/ros2_ws/install/data/share/data/cmake/dataConfig-version.cmake
[8.635s] -- Up-to-date: /home/michael/ros2_ws/install/data/share/data/package.xml
[8.637s] Invoked command in '/home/michael/ros2_ws/build/data' returned '0': CMAKE_PREFIX_PATH=${CMAKE_PREFIX_PATH}:/opt/ros/humble /usr/bin/cmake --install /home/michael/ros2_ws/build/data
