[0.121s] Invoking command in '/home/michael/ros2_ws/build/data': CMAKE_PREFIX_PATH=${CMAKE_PREFIX_PATH}:/opt/ros/humble /usr/bin/cmake --build /home/michael/ros2_ws/build/data -- -j4 -l4
[0.160s] [35m[1mConsolidate compiler generated dependencies of target sub[0m
[0.191s] [ 50%] [32mBuilding CXX object CMakeFiles/sub.dir/src/data_sub.cpp.o[0m
[7.406s] [100%] [32m[1mLinking CXX executable sub[0m
[7.748s] [100%] Built target sub
[7.758s] Invoked command in '/home/michael/ros2_ws/build/data' returned '0': CMAKE_PREFIX_PATH=${CMAKE_PREFIX_PATH}:/opt/ros/humble /usr/bin/cmake --build /home/michael/ros2_ws/build/data -- -j4 -l4
[7.780s] Invoking command in '/home/michael/ros2_ws/build/data': CMAKE_PREFIX_PATH=${CMAKE_PREFIX_PATH}:/opt/ros/humble /usr/bin/cmake --install /home/michael/ros2_ws/build/data
[7.787s] -- Install configuration: ""
[7.787s] -- Installing: /home/michael/ros2_ws/install/data/lib/data/sub
[7.790s] -- Set runtime path of "/home/michael/ros2_ws/install/data/lib/data/sub" to ""
[7.791s] -- Up-to-date: /home/michael/ros2_ws/install/data/share/ament_index/resource_index/package_run_dependencies/data
[7.791s] -- Up-to-date: /home/michael/ros2_ws/install/data/share/ament_index/resource_index/parent_prefix_path/data
[7.791s] -- Up-to-date: /home/michael/ros2_ws/install/data/share/data/environment/ament_prefix_path.sh
[7.791s] -- Up-to-date: /home/michael/ros2_ws/install/data/share/data/environment/ament_prefix_path.dsv
[7.791s] -- Up-to-date: /home/michael/ros2_ws/install/data/share/data/environment/path.sh
[7.791s] -- Up-to-date: /home/michael/ros2_ws/install/data/share/data/environment/path.dsv
[7.791s] -- Up-to-date: /home/michael/ros2_ws/install/data/share/data/local_setup.bash
[7.791s] -- Up-to-date: /home/michael/ros2_ws/install/data/share/data/local_setup.sh
[7.792s] -- Up-to-date: /home/michael/ros2_ws/install/data/share/data/local_setup.zsh
[7.792s] -- Up-to-date: /home/michael/ros2_ws/install/data/share/data/local_setup.dsv
[7.792s] -- Installing: /home/michael/ros2_ws/install/data/share/data/package.dsv
[7.792s] -- Up-to-date: /home/michael/ros2_ws/install/data/share/ament_index/resource_index/packages/data
[7.792s] -- Up-to-date: /home/michael/ros2_ws/install/data/share/data/cmake/dataConfig.cmake
[7.792s] -- Up-to-date: /home/michael/ros2_ws/install/data/share/data/cmake/dataConfig-version.cmake
[7.792s] -- Up-to-date: /home/michael/ros2_ws/install/data/share/data/package.xml
[7.793s] Invoked command in '/home/michael/ros2_ws/build/data' returned '0': CMAKE_PREFIX_PATH=${CMAKE_PREFIX_PATH}:/opt/ros/humble /usr/bin/cmake --install /home/michael/ros2_ws/build/data
