[0.179s] Invoking command in '/home/michael/ros2_ws/build/cpp_pubsub': CMAKE_PREFIX_PATH=${CMAKE_PREFIX_PATH}:/opt/ros/humble /usr/bin/cmake --build /home/michael/ros2_ws/build/cpp_pubsub -- -j4 -l4
[0.238s] [100%] Built target talker
[0.255s] Invoked command in '/home/michael/ros2_ws/build/cpp_pubsub' returned '0': CMAKE_PREFIX_PATH=${CMAKE_PREFIX_PATH}:/opt/ros/humble /usr/bin/cmake --build /home/michael/ros2_ws/build/cpp_pubsub -- -j4 -l4
[0.289s] Invoking command in '/home/michael/ros2_ws/build/cpp_pubsub': CMAKE_PREFIX_PATH=${CMAKE_PREFIX_PATH}:/opt/ros/humble /usr/bin/cmake --install /home/michael/ros2_ws/build/cpp_pubsub
[0.298s] -- Install configuration: ""
[0.299s] -- Up-to-date: /home/michael/ros2_ws/install/cpp_pubsub/lib/cpp_pubsub/talker
[0.300s] -- Up-to-date: /home/michael/ros2_ws/install/cpp_pubsub/share/ament_index/resource_index/package_run_dependencies/cpp_pubsub
[0.300s] -- Up-to-date: /home/michael/ros2_ws/install/cpp_pubsub/share/ament_index/resource_index/parent_prefix_path/cpp_pubsub
[0.300s] -- Up-to-date: /home/michael/ros2_ws/install/cpp_pubsub/share/cpp_pubsub/environment/ament_prefix_path.sh
[0.300s] -- Up-to-date: /home/michael/ros2_ws/install/cpp_pubsub/share/cpp_pubsub/environment/ament_prefix_path.dsv
[0.300s] -- Up-to-date: /home/michael/ros2_ws/install/cpp_pubsub/share/cpp_pubsub/environment/path.sh
[0.300s] -- Up-to-date: /home/michael/ros2_ws/install/cpp_pubsub/share/cpp_pubsub/environment/path.dsv
[0.300s] -- Up-to-date: /home/michael/ros2_ws/install/cpp_pubsub/share/cpp_pubsub/local_setup.bash
[0.300s] -- Up-to-date: /home/michael/ros2_ws/install/cpp_pubsub/share/cpp_pubsub/local_setup.sh
[0.300s] -- Up-to-date: /home/michael/ros2_ws/install/cpp_pubsub/share/cpp_pubsub/local_setup.zsh
[0.300s] -- Up-to-date: /home/michael/ros2_ws/install/cpp_pubsub/share/cpp_pubsub/local_setup.dsv
[0.300s] -- Installing: /home/michael/ros2_ws/install/cpp_pubsub/share/cpp_pubsub/package.dsv
[0.300s] -- Up-to-date: /home/michael/ros2_ws/install/cpp_pubsub/share/ament_index/resource_index/packages/cpp_pubsub
[0.301s] -- Up-to-date: /home/michael/ros2_ws/install/cpp_pubsub/share/cpp_pubsub/cmake/cpp_pubsubConfig.cmake
[0.301s] -- Up-to-date: /home/michael/ros2_ws/install/cpp_pubsub/share/cpp_pubsub/cmake/cpp_pubsubConfig-version.cmake
[0.301s] -- Up-to-date: /home/michael/ros2_ws/install/cpp_pubsub/share/cpp_pubsub/package.xml
[0.307s] Invoked command in '/home/michael/ros2_ws/build/cpp_pubsub' returned '0': CMAKE_PREFIX_PATH=${CMAKE_PREFIX_PATH}:/opt/ros/humble /usr/bin/cmake --install /home/michael/ros2_ws/build/cpp_pubsub
