[0.128s] Invoking command in '/home/michael/ros2_ws/build/data': CMAKE_PREFIX_PATH=${CMAKE_PREFIX_PATH}:/opt/ros/humble /usr/bin/cmake --build /home/michael/ros2_ws/build/data -- -j4 -l4
[0.156s] -- Found ament_cmake: 1.3.8 (/opt/ros/humble/share/ament_cmake/cmake)
[0.311s] -- Found rclcpp: 16.0.8 (/opt/ros/humble/share/rclcpp/cmake)
[0.344s] -- Found rosidl_generator_c: 3.1.5 (/opt/ros/humble/share/rosidl_generator_c/cmake)
[0.353s] -- Found rosidl_adapter: 3.1.5 (/opt/ros/humble/share/rosidl_adapter/cmake)
[0.353s] -- Found rosidl_generator_cpp: 3.1.5 (/opt/ros/humble/share/rosidl_generator_cpp/cmake)
[0.365s] -- Using all available rosidl_typesupport_c: rosidl_typesupport_fastrtps_c;rosidl_typesupport_introspection_c
[0.380s] -- Using all available rosidl_typesupport_cpp: rosidl_typesupport_fastrtps_cpp;rosidl_typesupport_introspection_cpp
[0.441s] -- Found rmw_implementation_cmake: 6.1.1 (/opt/ros/humble/share/rmw_implementation_cmake/cmake)
[0.442s] -- Found rmw_fastrtps_cpp: 6.2.6 (/opt/ros/humble/share/rmw_fastrtps_cpp/cmake)
[0.560s] -- Using RMW implementation 'rmw_fastrtps_cpp' as default
[0.779s] -- Configuring done
[0.787s] -- Generating done
[0.788s] -- Build files have been written to: /home/michael/ros2_ws/build/data
[0.809s] [35m[1mConsolidate compiler generated dependencies of target talker[0m
[0.823s] [ 50%] [32mBuilding CXX object CMakeFiles/talker.dir/src/data_sub.cpp.o[0m
[8.206s] [100%] [32m[1mLinking CXX executable talker[0m
[8.562s] [100%] Built target talker
[8.572s] Invoked command in '/home/michael/ros2_ws/build/data' returned '0': CMAKE_PREFIX_PATH=${CMAKE_PREFIX_PATH}:/opt/ros/humble /usr/bin/cmake --build /home/michael/ros2_ws/build/data -- -j4 -l4
[8.595s] Invoking command in '/home/michael/ros2_ws/build/data': CMAKE_PREFIX_PATH=${CMAKE_PREFIX_PATH}:/opt/ros/humble /usr/bin/cmake --install /home/michael/ros2_ws/build/data
[8.603s] -- Install configuration: ""
[8.603s] -- Installing: /home/michael/ros2_ws/install/data/lib/data/talker
[8.606s] -- Set runtime path of "/home/michael/ros2_ws/install/data/lib/data/talker" to ""
[8.606s] -- Up-to-date: /home/michael/ros2_ws/install/data/share/ament_index/resource_index/package_run_dependencies/data
[8.606s] -- Installing: /home/michael/ros2_ws/install/data/share/ament_index/resource_index/parent_prefix_path/data
[8.606s] -- Up-to-date: /home/michael/ros2_ws/install/data/share/data/environment/ament_prefix_path.sh
[8.606s] -- Installing: /home/michael/ros2_ws/install/data/share/data/environment/ament_prefix_path.dsv
[8.607s] -- Up-to-date: /home/michael/ros2_ws/install/data/share/data/environment/path.sh
[8.607s] -- Installing: /home/michael/ros2_ws/install/data/share/data/environment/path.dsv
[8.607s] -- Up-to-date: /home/michael/ros2_ws/install/data/share/data/local_setup.bash
[8.607s] -- Up-to-date: /home/michael/ros2_ws/install/data/share/data/local_setup.sh
[8.607s] -- Up-to-date: /home/michael/ros2_ws/install/data/share/data/local_setup.zsh
[8.607s] -- Installing: /home/michael/ros2_ws/install/data/share/data/local_setup.dsv
[8.607s] -- Installing: /home/michael/ros2_ws/install/data/share/data/package.dsv
[8.607s] -- Up-to-date: /home/michael/ros2_ws/install/data/share/ament_index/resource_index/packages/data
[8.607s] -- Up-to-date: /home/michael/ros2_ws/install/data/share/data/cmake/dataConfig.cmake
[8.607s] -- Up-to-date: /home/michael/ros2_ws/install/data/share/data/cmake/dataConfig-version.cmake
[8.607s] -- Up-to-date: /home/michael/ros2_ws/install/data/share/data/package.xml
[8.609s] Invoked command in '/home/michael/ros2_ws/build/data' returned '0': CMAKE_PREFIX_PATH=${CMAKE_PREFIX_PATH}:/opt/ros/humble /usr/bin/cmake --install /home/michael/ros2_ws/build/data
